mode: atomic
caught-looking/backend/main.go:17.13,29.12 6 0
caught-looking/backend/main.go:29.12,31.77 2 0
caught-looking/backend/main.go:31.77,33.4 1 0
caught-looking/backend/main.go:36.2,42.42 6 0
caught-looking/backend/main.go:42.42,44.3 1 0
caught-looking/backend/router.go:15.70,23.64 7 0
caught-looking/backend/router.go:23.64,27.3 3 0
caught-looking/backend/router.go:28.2,43.10 15 0
caught-looking/backend/config/config.go:22.20,33.56 2 11
caught-looking/backend/config/config.go:33.56,35.3 1 2
caught-looking/backend/config/config.go:35.8,35.68 1 9
caught-looking/backend/config/config.go:35.68,37.3 1 1
caught-looking/backend/config/config.go:39.2,39.64 1 11
caught-looking/backend/config/config.go:39.64,41.3 1 1
caught-looking/backend/config/config.go:43.2,43.67 1 11
caught-looking/backend/config/config.go:43.67,46.27 3 1
caught-looking/backend/config/config.go:46.27,47.42 1 4
caught-looking/backend/config/config.go:47.42,49.5 1 3
caught-looking/backend/config/config.go:51.3,51.19 1 1
caught-looking/backend/config/config.go:51.19,53.4 1 1
caught-looking/backend/config/config.go:56.2,56.71 1 11
caught-looking/backend/config/config.go:56.71,57.50 1 2
caught-looking/backend/config/config.go:57.50,59.4 1 1
caught-looking/backend/config/config.go:62.2,62.68 1 11
caught-looking/backend/config/config.go:62.68,63.50 1 1
caught-looking/backend/config/config.go:63.50,65.4 1 1
caught-looking/backend/config/config.go:68.2,68.62 1 11
caught-looking/backend/config/config.go:68.62,69.44 1 2
caught-looking/backend/config/config.go:69.44,71.4 1 1
caught-looking/backend/config/config.go:74.2,74.66 1 11
caught-looking/backend/config/config.go:74.66,76.3 1 1
caught-looking/backend/config/config.go:78.2,78.12 1 11
caught-looking/backend/handlers/divisions.go:25.83,26.56 1 0
caught-looking/backend/handlers/divisions.go:26.56,28.53 2 0
caught-looking/backend/handlers/divisions.go:28.53,30.4 1 0
caught-looking/backend/handlers/divisions.go:31.3,32.26 2 0
caught-looking/backend/handlers/divisions.go:32.26,34.4 1 0
caught-looking/backend/handlers/divisions.go:35.3,35.18 1 0
caught-looking/backend/handlers/divisions.go:38.2,39.16 2 0
caught-looking/backend/handlers/divisions.go:39.16,41.3 1 0
caught-looking/backend/handlers/divisions.go:43.2,44.54 2 0
caught-looking/backend/handlers/divisions.go:44.54,46.3 1 0
caught-looking/backend/handlers/divisions.go:48.2,49.38 2 0
caught-looking/backend/handlers/divisions.go:49.38,51.3 1 0
caught-looking/backend/handlers/divisions.go:53.2,54.16 2 0
caught-looking/backend/handlers/divisions.go:54.16,56.3 1 0
caught-looking/backend/handlers/divisions.go:57.2,60.25 3 0
caught-looking/backend/handlers/divisions.go:60.25,62.3 1 0
caught-looking/backend/handlers/divisions.go:63.2,63.17 1 0
caught-looking/backend/handlers/game_boxscore.go:51.73,54.31 3 0
caught-looking/backend/handlers/game_boxscore.go:54.31,57.3 2 0
caught-looking/backend/handlers/game_boxscore.go:59.2,60.43 2 0
caught-looking/backend/handlers/game_boxscore.go:60.43,64.3 3 0
caught-looking/backend/handlers/game_boxscore.go:66.2,67.16 2 0
caught-looking/backend/handlers/game_boxscore.go:67.16,70.3 2 0
caught-looking/backend/handlers/game_boxscore.go:72.2,73.51 2 0
caught-looking/backend/handlers/game_boxscore.go:73.51,76.3 2 0
caught-looking/backend/handlers/game_boxscore.go:78.2,85.16 3 0
caught-looking/backend/handlers/game_boxscore.go:85.16,88.3 2 0
caught-looking/backend/handlers/game_boxscore.go:90.2,92.22 3 0
caught-looking/backend/handlers/game_boxscore.go:95.61,105.35 2 0
caught-looking/backend/handlers/game_boxscore.go:105.35,108.10 3 0
caught-looking/backend/handlers/game_boxscore.go:108.10,109.12 1 0
caught-looking/backend/handlers/game_boxscore.go:111.3,112.16 2 0
caught-looking/backend/handlers/game_boxscore.go:112.16,113.12 1 0
caught-looking/backend/handlers/game_boxscore.go:115.3,115.37 1 0
caught-looking/backend/handlers/game_boxscore.go:118.2,118.36 1 0
caught-looking/backend/handlers/game_boxscore.go:118.36,121.10 3 0
caught-looking/backend/handlers/game_boxscore.go:121.10,122.12 1 0
caught-looking/backend/handlers/game_boxscore.go:124.3,125.16 2 0
caught-looking/backend/handlers/game_boxscore.go:125.16,126.12 1 0
caught-looking/backend/handlers/game_boxscore.go:128.3,128.39 1 0
caught-looking/backend/handlers/game_boxscore.go:131.2,131.10 1 0
caught-looking/backend/handlers/game_boxscore.go:134.85,144.2 1 0
caught-looking/backend/handlers/game_boxscore.go:146.55,148.17 2 0
caught-looking/backend/handlers/game_boxscore.go:148.17,150.3 1 0
caught-looking/backend/handlers/game_boxscore.go:151.2,153.24 3 0
caught-looking/backend/handlers/game_boxscore.go:153.24,155.3 1 0
caught-looking/backend/handlers/game_boxscore.go:156.2,157.15 2 0
caught-looking/backend/handlers/game_boxscore.go:157.15,159.3 1 0
caught-looking/backend/handlers/game_boxscore.go:160.2,173.3 1 0
caught-looking/backend/handlers/game_boxscore.go:176.57,178.44 2 0
caught-looking/backend/handlers/game_boxscore.go:178.44,180.3 1 0
caught-looking/backend/handlers/game_boxscore.go:181.2,192.3 2 0
caught-looking/backend/handlers/game_boxscore.go:195.55,197.42 2 0
caught-looking/backend/handlers/game_boxscore.go:197.42,199.3 1 0
caught-looking/backend/handlers/game_boxscore.go:200.2,200.38 1 0
caught-looking/backend/handlers/game_boxscore.go:200.38,202.3 1 0
caught-looking/backend/handlers/game_boxscore.go:203.2,203.30 1 0
caught-looking/backend/handlers/game_boxscore.go:203.30,205.3 1 0
caught-looking/backend/handlers/game_boxscore.go:206.2,206.14 1 0
caught-looking/backend/handlers/game_boxscore.go:209.56,210.14 1 0
caught-looking/backend/handlers/game_boxscore.go:210.14,212.3 1 0
caught-looking/backend/handlers/game_boxscore.go:213.2,214.21 2 0
caught-looking/backend/handlers/game_boxscore.go:214.21,216.3 1 0
caught-looking/backend/handlers/game_boxscore.go:217.2,217.23 1 0
caught-looking/backend/handlers/game_boxscore.go:218.15,219.16 1 0
caught-looking/backend/handlers/game_boxscore.go:220.11,221.11 1 0
caught-looking/backend/handlers/game_boxscore.go:222.14,224.29 2 0
caught-looking/backend/handlers/game_boxscore.go:224.29,226.4 1 0
caught-looking/backend/handlers/game_boxscore.go:227.3,228.17 2 0
caught-looking/backend/handlers/game_boxscore.go:228.17,230.4 1 0
caught-looking/backend/handlers/game_boxscore.go:231.3,232.17 2 0
caught-looking/backend/handlers/game_boxscore.go:232.17,234.4 1 0
caught-looking/backend/handlers/game_boxscore.go:235.3,235.11 1 0
caught-looking/backend/handlers/game_boxscore.go:236.10,237.11 1 0
caught-looking/backend/handlers/game_boxscore.go:241.62,242.14 1 0
caught-looking/backend/handlers/game_boxscore.go:242.14,244.3 1 0
caught-looking/backend/handlers/game_boxscore.go:245.2,246.21 2 0
caught-looking/backend/handlers/game_boxscore.go:246.21,248.3 1 0
caught-looking/backend/handlers/game_boxscore.go:249.2,249.23 1 0
caught-looking/backend/handlers/game_boxscore.go:250.14,251.11 1 0
caught-looking/backend/handlers/game_boxscore.go:252.15,253.45 1 0
caught-looking/backend/handlers/game_boxscore.go:254.11,255.25 1 0
caught-looking/backend/handlers/game_boxscore.go:256.10,257.12 1 0
caught-looking/backend/handlers/game_timeline.go:53.73,56.31 3 0
caught-looking/backend/handlers/game_timeline.go:56.31,59.3 2 0
caught-looking/backend/handlers/game_timeline.go:61.2,62.43 2 0
caught-looking/backend/handlers/game_timeline.go:62.43,66.3 3 0
caught-looking/backend/handlers/game_timeline.go:68.2,72.20 5 0
caught-looking/backend/handlers/game_timeline.go:72.20,76.3 3 0
caught-looking/backend/handlers/game_timeline.go:77.2,77.20 1 0
caught-looking/backend/handlers/game_timeline.go:77.20,81.3 3 0
caught-looking/backend/handlers/game_timeline.go:82.2,82.33 1 0
caught-looking/backend/handlers/game_timeline.go:82.33,85.3 2 0
caught-looking/backend/handlers/game_timeline.go:87.2,88.54 2 0
caught-looking/backend/handlers/game_timeline.go:88.54,91.3 2 0
caught-looking/backend/handlers/game_timeline.go:93.2,94.53 2 0
caught-looking/backend/handlers/game_timeline.go:94.53,97.3 2 0
caught-looking/backend/handlers/game_timeline.go:99.2,100.38 2 0
caught-looking/backend/handlers/game_timeline.go:100.38,106.3 1 0
caught-looking/backend/handlers/game_timeline.go:108.2,120.16 3 0
caught-looking/backend/handlers/game_timeline.go:120.16,123.3 2 0
caught-looking/backend/handlers/game_timeline.go:125.2,127.22 3 0
caught-looking/backend/handlers/games_for_date.go:18.73,20.16 2 0
caught-looking/backend/handlers/games_for_date.go:20.16,22.3 1 0
caught-looking/backend/handlers/games_for_date.go:23.2,23.32 1 0
caught-looking/backend/handlers/games_for_date.go:23.32,26.3 2 0
caught-looking/backend/handlers/games_for_date.go:28.2,29.66 2 0
caught-looking/backend/handlers/games_for_date.go:29.66,31.27 2 0
caught-looking/backend/handlers/games_for_date.go:31.27,34.4 2 0
caught-looking/backend/handlers/games_for_date.go:35.3,35.13 1 0
caught-looking/backend/handlers/games_for_date.go:38.2,39.43 2 0
caught-looking/backend/handlers/games_for_date.go:39.43,43.3 3 0
caught-looking/backend/handlers/games_for_date.go:45.2,48.16 4 0
caught-looking/backend/handlers/games_for_date.go:48.16,50.3 1 0
caught-looking/backend/handlers/games_for_date.go:51.2,54.16 3 0
caught-looking/backend/handlers/games_for_date.go:54.16,57.3 2 0
caught-looking/backend/handlers/games_for_date.go:59.2,81.54 2 0
caught-looking/backend/handlers/games_for_date.go:81.54,84.3 2 0
caught-looking/backend/handlers/games_for_date.go:86.2,87.34 2 0
caught-looking/backend/handlers/games_for_date.go:87.34,88.29 1 0
caught-looking/backend/handlers/games_for_date.go:88.29,90.16 2 0
caught-looking/backend/handlers/games_for_date.go:90.16,92.5 1 0
caught-looking/backend/handlers/games_for_date.go:93.4,103.6 1 0
caught-looking/backend/handlers/games_for_date.go:107.2,108.16 2 0
caught-looking/backend/handlers/games_for_date.go:108.16,111.3 2 0
caught-looking/backend/handlers/games_for_date.go:113.2,115.22 3 0
caught-looking/backend/handlers/handlers.go:15.90,17.2 1 0
caught-looking/backend/handlers/league_season_baseline.go:25.81,27.66 2 0
caught-looking/backend/handlers/league_season_baseline.go:27.66,29.41 2 0
caught-looking/backend/handlers/league_season_baseline.go:29.41,32.4 2 0
caught-looking/backend/handlers/league_season_baseline.go:33.3,33.13 1 0
caught-looking/backend/handlers/league_season_baseline.go:36.2,37.17 2 0
caught-looking/backend/handlers/league_season_baseline.go:37.17,39.3 1 0
caught-looking/backend/handlers/league_season_baseline.go:40.2,40.47 1 0
caught-looking/backend/handlers/league_season_baseline.go:40.47,43.3 2 0
caught-looking/backend/handlers/league_season_baseline.go:45.2,46.43 2 0
caught-looking/backend/handlers/league_season_baseline.go:46.43,50.3 3 0
caught-looking/backend/handlers/league_season_baseline.go:52.2,53.16 2 0
caught-looking/backend/handlers/league_season_baseline.go:53.16,56.3 2 0
caught-looking/backend/handlers/league_season_baseline.go:58.2,59.24 2 0
caught-looking/backend/handlers/league_season_baseline.go:59.24,61.3 1 0
caught-looking/backend/handlers/league_season_baseline.go:61.8,63.3 1 0
caught-looking/backend/handlers/league_season_baseline.go:65.2,66.16 2 0
caught-looking/backend/handlers/league_season_baseline.go:66.16,69.3 2 0
caught-looking/backend/handlers/league_season_baseline.go:71.2,73.22 3 0
caught-looking/backend/handlers/league_season_baseline.go:76.104,86.16 9 0
caught-looking/backend/handlers/league_season_baseline.go:86.16,88.3 1 0
caught-looking/backend/handlers/league_season_baseline.go:90.2,91.54 2 0
caught-looking/backend/handlers/league_season_baseline.go:91.54,93.3 1 0
caught-looking/backend/handlers/league_season_baseline.go:94.2,94.66 1 0
caught-looking/backend/handlers/league_season_baseline.go:94.66,96.3 1 0
caught-looking/backend/handlers/league_season_baseline.go:99.2,100.45 2 0
caught-looking/backend/handlers/league_season_baseline.go:100.45,102.29 2 0
caught-looking/backend/handlers/league_season_baseline.go:102.29,103.12 1 0
caught-looking/backend/handlers/league_season_baseline.go:105.3,106.15 2 0
caught-looking/backend/handlers/league_season_baseline.go:106.15,107.12 1 0
caught-looking/backend/handlers/league_season_baseline.go:109.3,110.59 2 0
caught-looking/backend/handlers/league_season_baseline.go:110.59,111.12 1 0
caught-looking/backend/handlers/league_season_baseline.go:113.3,114.32 2 0
caught-looking/backend/handlers/league_season_baseline.go:114.32,115.46 1 0
caught-looking/backend/handlers/league_season_baseline.go:115.46,116.13 1 0
caught-looking/backend/handlers/league_season_baseline.go:119.3,119.22 1 0
caught-looking/backend/handlers/league_season_baseline.go:122.2,122.24 1 0
caught-looking/backend/handlers/league_season_baseline.go:122.24,124.27 2 0
caught-looking/backend/handlers/league_season_baseline.go:124.27,131.4 6 0
caught-looking/backend/handlers/league_season_baseline.go:132.3,133.26 2 0
caught-looking/backend/handlers/league_season_baseline.go:133.26,135.4 1 0
caught-looking/backend/handlers/league_season_baseline.go:136.3,138.24 3 0
caught-looking/backend/handlers/league_season_baseline.go:141.2,143.26 3 0
caught-looking/backend/handlers/league_season_baseline.go:143.26,146.3 2 0
caught-looking/backend/handlers/league_season_baseline.go:147.2,147.15 1 0
caught-looking/backend/handlers/league_season_baseline.go:147.15,149.3 1 0
caught-looking/backend/handlers/league_season_baseline.go:150.2,150.36 1 0
caught-looking/backend/handlers/player_current_team.go:24.78,27.27 3 0
caught-looking/backend/handlers/player_current_team.go:27.27,30.3 2 0
caught-looking/backend/handlers/player_current_team.go:32.2,33.43 2 0
caught-looking/backend/handlers/player_current_team.go:33.43,37.3 3 0
caught-looking/backend/handlers/player_current_team.go:39.2,41.16 3 0
caught-looking/backend/handlers/player_current_team.go:41.16,44.3 2 0
caught-looking/backend/handlers/player_current_team.go:46.2,47.54 2 0
caught-looking/backend/handlers/player_current_team.go:47.54,50.3 2 0
caught-looking/backend/handlers/player_current_team.go:52.2,53.69 2 0
caught-looking/backend/handlers/player_current_team.go:53.69,55.3 1 0
caught-looking/backend/handlers/player_current_team.go:57.2,63.16 3 0
caught-looking/backend/handlers/player_current_team.go:63.16,66.3 2 0
caught-looking/backend/handlers/player_current_team.go:68.2,70.22 3 0
caught-looking/backend/handlers/player_search.go:26.73,28.13 2 0
caught-looking/backend/handlers/player_search.go:28.13,30.3 1 0
caught-looking/backend/handlers/player_search.go:31.2,31.16 1 0
caught-looking/backend/handlers/player_search.go:31.16,34.3 2 0
caught-looking/backend/handlers/player_search.go:35.2,35.17 1 0
caught-looking/backend/handlers/player_search.go:35.17,38.3 2 0
caught-looking/backend/handlers/player_search.go:40.2,42.43 3 0
caught-looking/backend/handlers/player_search.go:42.43,46.3 3 0
caught-looking/backend/handlers/player_search.go:48.2,53.16 5 0
caught-looking/backend/handlers/player_search.go:53.16,56.3 2 0
caught-looking/backend/handlers/player_search.go:58.2,59.54 2 0
caught-looking/backend/handlers/player_search.go:59.54,62.3 2 0
caught-looking/backend/handlers/player_search.go:64.2,66.27 3 0
caught-looking/backend/handlers/player_search.go:66.27,68.3 1 0
caught-looking/backend/handlers/player_search.go:70.2,75.27 2 0
caught-looking/backend/handlers/player_search.go:75.27,83.3 1 0
caught-looking/backend/handlers/player_search.go:85.2,86.16 2 0
caught-looking/backend/handlers/player_search.go:86.16,89.3 2 0
caught-looking/backend/handlers/player_search.go:91.2,94.22 4 0
caught-looking/backend/handlers/players_compare.go:30.75,33.21 3 0
caught-looking/backend/handlers/players_compare.go:33.21,36.3 2 0
caught-looking/backend/handlers/players_compare.go:37.2,39.56 3 0
caught-looking/backend/handlers/players_compare.go:39.56,42.3 2 0
caught-looking/backend/handlers/players_compare.go:44.2,45.17 2 0
caught-looking/backend/handlers/players_compare.go:45.17,47.3 1 0
caught-looking/backend/handlers/players_compare.go:48.2,48.47 1 0
caught-looking/backend/handlers/players_compare.go:48.47,51.3 2 0
caught-looking/backend/handlers/players_compare.go:53.2,54.17 2 0
caught-looking/backend/handlers/players_compare.go:54.17,56.3 1 0
caught-looking/backend/handlers/players_compare.go:57.2,57.44 1 0
caught-looking/backend/handlers/players_compare.go:57.44,60.3 2 0
caught-looking/backend/handlers/players_compare.go:62.2,63.23 2 0
caught-looking/backend/handlers/players_compare.go:63.23,64.67 1 0
caught-looking/backend/handlers/players_compare.go:64.67,66.42 2 0
caught-looking/backend/handlers/players_compare.go:66.42,69.5 2 0
caught-looking/backend/handlers/players_compare.go:70.4,70.14 1 0
caught-looking/backend/handlers/players_compare.go:74.2,75.23 2 0
caught-looking/backend/handlers/players_compare.go:75.23,77.3 1 0
caught-looking/backend/handlers/players_compare.go:78.2,78.43 1 0
caught-looking/backend/handlers/players_compare.go:78.43,82.3 3 0
caught-looking/backend/handlers/players_compare.go:84.2,87.20 4 0
caught-looking/backend/handlers/players_compare.go:87.20,91.3 3 0
caught-looking/backend/handlers/players_compare.go:92.2,92.20 1 0
caught-looking/backend/handlers/players_compare.go:92.20,96.3 3 0
caught-looking/backend/handlers/players_compare.go:97.2,97.33 1 0
caught-looking/backend/handlers/players_compare.go:97.33,100.3 2 0
caught-looking/backend/handlers/players_compare.go:102.2,103.23 2 0
caught-looking/backend/handlers/players_compare.go:103.23,105.3 1 0
caught-looking/backend/handlers/players_compare.go:106.2,114.16 3 0
caught-looking/backend/handlers/players_compare.go:114.16,117.3 2 0
caught-looking/backend/handlers/players_compare.go:119.2,121.22 3 0
caught-looking/backend/handlers/players_compare.go:124.136,126.23 2 0
caught-looking/backend/handlers/players_compare.go:126.23,128.3 1 0
caught-looking/backend/handlers/players_compare.go:128.8,131.3 2 0
caught-looking/backend/handlers/players_compare.go:132.2,136.16 4 0
caught-looking/backend/handlers/players_compare.go:136.16,138.3 1 0
caught-looking/backend/handlers/players_compare.go:140.2,141.54 2 0
caught-looking/backend/handlers/players_compare.go:141.54,143.3 1 0
caught-looking/backend/handlers/players_compare.go:145.2,150.66 5 0
caught-looking/backend/handlers/players_compare.go:150.66,152.3 1 0
caught-looking/backend/handlers/players_compare.go:154.2,156.26 3 0
caught-looking/backend/handlers/players_compare.go:156.26,158.3 1 0
caught-looking/backend/handlers/players_compare.go:160.2,161.61 2 0
caught-looking/backend/handlers/players_compare.go:161.61,163.3 1 0
caught-looking/backend/handlers/players_compare.go:165.2,166.18 2 0
caught-looking/backend/handlers/players_compare.go:169.98,170.24 1 0
caught-looking/backend/handlers/players_compare.go:170.24,188.3 17 0
caught-looking/backend/handlers/players_compare.go:189.2,202.38 14 0
caught-looking/backend/handlers/players_compare.go:205.66,206.23 1 0
caught-looking/backend/handlers/players_compare.go:207.15,208.15 1 0
caught-looking/backend/handlers/players_compare.go:209.11,210.24 1 0
caught-looking/backend/handlers/players_compare.go:211.14,213.44 2 0
caught-looking/backend/handlers/players_compare.go:213.44,215.4 1 0
caught-looking/backend/handlers/players_compare.go:216.3,217.17 2 0
caught-looking/backend/handlers/players_compare.go:217.17,219.4 1 0
caught-looking/backend/handlers/players_compare.go:224.107,225.30 1 0
caught-looking/backend/handlers/players_compare.go:225.30,226.31 1 0
caught-looking/backend/handlers/players_compare.go:226.31,229.4 2 0
caught-looking/backend/handlers/players_compare.go:234.68,236.13 2 0
caught-looking/backend/handlers/players_compare.go:236.13,238.3 1 0
caught-looking/backend/handlers/players_compare.go:239.2,240.11 2 0
caught-looking/backend/handlers/players_compare.go:240.11,242.3 1 0
caught-looking/backend/handlers/players_compare.go:245.38,246.23 1 0
caught-looking/backend/handlers/players_compare.go:247.14,248.11 1 0
caught-looking/backend/handlers/players_compare.go:249.15,250.45 1 0
caught-looking/backend/handlers/players_compare.go:251.11,252.25 1 0
caught-looking/backend/handlers/players_compare.go:253.10,254.12 1 0
caught-looking/backend/handlers/players_compare.go:258.45,261.16 3 0
caught-looking/backend/handlers/players_compare.go:261.16,263.18 2 0
caught-looking/backend/handlers/players_compare.go:263.18,265.4 1 0
caught-looking/backend/handlers/players_compare.go:266.3,266.11 1 0
caught-looking/backend/handlers/players_compare.go:268.2,268.38 1 0
caught-looking/backend/handlers/players_compare.go:268.38,270.3 1 0
caught-looking/backend/handlers/players_compare.go:271.2,272.20 2 0
caught-looking/backend/handlers/players_compare.go:272.20,274.3 1 0
caught-looking/backend/handlers/players_compare.go:275.2,275.17 1 0
caught-looking/backend/handlers/players_compare.go:276.11,277.25 1 0
caught-looking/backend/handlers/players_compare.go:278.11,279.25 1 0
caught-looking/backend/handlers/players_compare.go:280.10,282.17 2 0
caught-looking/backend/handlers/players_compare.go:282.17,284.4 1 0
caught-looking/backend/handlers/players_compare.go:285.3,285.11 1 0
caught-looking/backend/handlers/players_compare_trends.go:47.85,50.21 3 0
caught-looking/backend/handlers/players_compare_trends.go:50.21,53.3 2 0
caught-looking/backend/handlers/players_compare_trends.go:54.2,56.56 3 0
caught-looking/backend/handlers/players_compare_trends.go:56.56,59.3 2 0
caught-looking/backend/handlers/players_compare_trends.go:61.2,62.17 2 0
caught-looking/backend/handlers/players_compare_trends.go:62.17,64.3 1 0
caught-looking/backend/handlers/players_compare_trends.go:65.2,65.47 1 0
caught-looking/backend/handlers/players_compare_trends.go:65.47,68.3 2 0
caught-looking/backend/handlers/players_compare_trends.go:70.2,71.25 2 0
caught-looking/backend/handlers/players_compare_trends.go:71.25,73.3 1 0
caught-looking/backend/handlers/players_compare_trends.go:75.2,76.43 2 0
caught-looking/backend/handlers/players_compare_trends.go:76.43,80.3 3 0
caught-looking/backend/handlers/players_compare_trends.go:82.2,86.20 5 0
caught-looking/backend/handlers/players_compare_trends.go:86.20,90.3 3 0
caught-looking/backend/handlers/players_compare_trends.go:91.2,91.20 1 0
caught-looking/backend/handlers/players_compare_trends.go:91.20,95.3 3 0
caught-looking/backend/handlers/players_compare_trends.go:96.2,96.33 1 0
caught-looking/backend/handlers/players_compare_trends.go:96.33,99.3 2 0
caught-looking/backend/handlers/players_compare_trends.go:101.2,102.23 2 0
caught-looking/backend/handlers/players_compare_trends.go:102.23,104.3 1 0
caught-looking/backend/handlers/players_compare_trends.go:105.2,105.23 1 0
caught-looking/backend/handlers/players_compare_trends.go:105.23,107.3 1 0
caught-looking/backend/handlers/players_compare_trends.go:109.2,110.29 2 0
caught-looking/backend/handlers/players_compare_trends.go:110.29,112.17 2 0
caught-looking/backend/handlers/players_compare_trends.go:112.17,115.4 2 0
caught-looking/backend/handlers/players_compare_trends.go:116.3,116.39 1 0
caught-looking/backend/handlers/players_compare_trends.go:119.2,130.16 3 0
caught-looking/backend/handlers/players_compare_trends.go:130.16,133.3 2 0
caught-looking/backend/handlers/players_compare_trends.go:135.2,137.22 3 0
caught-looking/backend/handlers/players_compare_trends.go:140.125,147.16 6 0
caught-looking/backend/handlers/players_compare_trends.go:147.16,149.3 1 0
caught-looking/backend/handlers/players_compare_trends.go:151.2,152.54 2 0
caught-looking/backend/handlers/players_compare_trends.go:152.54,154.3 1 0
caught-looking/backend/handlers/players_compare_trends.go:156.2,157.64 2 0
caught-looking/backend/handlers/players_compare_trends.go:157.64,159.3 1 0
caught-looking/backend/handlers/players_compare_trends.go:161.2,162.29 2 0
caught-looking/backend/handlers/players_compare_trends.go:162.29,164.3 1 0
caught-looking/backend/handlers/players_compare_trends.go:166.2,166.45 1 0
caught-looking/backend/handlers/players_compare_trends.go:166.45,168.59 2 0
caught-looking/backend/handlers/players_compare_trends.go:168.59,169.12 1 0
caught-looking/backend/handlers/players_compare_trends.go:171.3,172.32 2 0
caught-looking/backend/handlers/players_compare_trends.go:172.32,173.12 1 0
caught-looking/backend/handlers/players_compare_trends.go:175.3,176.25 2 0
caught-looking/backend/handlers/players_compare_trends.go:176.25,178.4 1 0
caught-looking/backend/handlers/players_compare_trends.go:178.9,180.4 1 0
caught-looking/backend/handlers/players_compare_trends.go:181.3,181.13 1 0
caught-looking/backend/handlers/players_compare_trends.go:181.13,182.12 1 0
caught-looking/backend/handlers/players_compare_trends.go:184.3,184.64 1 0
caught-looking/backend/handlers/players_compare_trends.go:187.2,187.38 1 0
caught-looking/backend/handlers/players_compare_trends.go:187.38,187.78 1 0
caught-looking/backend/handlers/players_compare_trends.go:188.2,188.23 1 0
caught-looking/backend/handlers/players_compare_trends.go:192.82,195.21 3 0
caught-looking/backend/handlers/players_compare_trends.go:195.21,198.3 2 0
caught-looking/backend/handlers/players_compare_trends.go:199.2,201.56 3 0
caught-looking/backend/handlers/players_compare_trends.go:201.56,204.3 2 0
caught-looking/backend/handlers/players_compare_trends.go:206.2,207.17 2 0
caught-looking/backend/handlers/players_compare_trends.go:207.17,209.3 1 0
caught-looking/backend/handlers/players_compare_trends.go:210.2,210.47 1 0
caught-looking/backend/handlers/players_compare_trends.go:210.47,213.3 2 0
caught-looking/backend/handlers/players_compare_trends.go:215.2,216.66 2 0
caught-looking/backend/handlers/players_compare_trends.go:216.66,218.41 2 0
caught-looking/backend/handlers/players_compare_trends.go:218.41,221.4 2 0
caught-looking/backend/handlers/players_compare_trends.go:222.3,222.13 1 0
caught-looking/backend/handlers/players_compare_trends.go:225.2,226.65 2 0
caught-looking/backend/handlers/players_compare_trends.go:226.65,228.36 2 0
caught-looking/backend/handlers/players_compare_trends.go:228.36,231.4 2 0
caught-looking/backend/handlers/players_compare_trends.go:232.3,232.12 1 0
caught-looking/backend/handlers/players_compare_trends.go:235.2,236.25 2 0
caught-looking/backend/handlers/players_compare_trends.go:236.25,238.3 1 0
caught-looking/backend/handlers/players_compare_trends.go:240.2,241.43 2 0
caught-looking/backend/handlers/players_compare_trends.go:241.43,245.3 3 0
caught-looking/backend/handlers/players_compare_trends.go:247.2,251.20 5 0
caught-looking/backend/handlers/players_compare_trends.go:251.20,255.3 3 0
caught-looking/backend/handlers/players_compare_trends.go:256.2,256.20 1 0
caught-looking/backend/handlers/players_compare_trends.go:256.20,260.3 3 0
caught-looking/backend/handlers/players_compare_trends.go:261.2,261.33 1 0
caught-looking/backend/handlers/players_compare_trends.go:261.33,264.3 2 0
caught-looking/backend/handlers/players_compare_trends.go:266.2,267.16 2 0
caught-looking/backend/handlers/players_compare_trends.go:267.16,270.3 2 0
caught-looking/backend/handlers/players_compare_trends.go:272.2,285.16 3 0
caught-looking/backend/handlers/players_compare_trends.go:285.16,288.3 2 0
caught-looking/backend/handlers/players_compare_trends.go:290.2,292.22 3 0
caught-looking/backend/handlers/players_compare_trends.go:295.139,303.16 7 0
caught-looking/backend/handlers/players_compare_trends.go:303.16,305.3 1 0
caught-looking/backend/handlers/players_compare_trends.go:307.2,308.54 2 0
caught-looking/backend/handlers/players_compare_trends.go:308.54,310.3 1 0
caught-looking/backend/handlers/players_compare_trends.go:312.2,313.64 2 0
caught-looking/backend/handlers/players_compare_trends.go:313.64,315.3 1 0
caught-looking/backend/handlers/players_compare_trends.go:317.2,318.29 2 0
caught-looking/backend/handlers/players_compare_trends.go:318.29,320.3 1 0
caught-looking/backend/handlers/players_compare_trends.go:322.2,322.45 1 0
caught-looking/backend/handlers/players_compare_trends.go:322.45,324.59 2 0
caught-looking/backend/handlers/players_compare_trends.go:324.59,325.12 1 0
caught-looking/backend/handlers/players_compare_trends.go:327.3,328.25 2 0
caught-looking/backend/handlers/players_compare_trends.go:328.25,330.4 1 0
caught-looking/backend/handlers/players_compare_trends.go:330.9,332.4 1 0
caught-looking/backend/handlers/players_compare_trends.go:333.3,333.13 1 0
caught-looking/backend/handlers/players_compare_trends.go:333.13,334.12 1 0
caught-looking/backend/handlers/players_compare_trends.go:336.3,340.5 1 0
caught-looking/backend/handlers/players_compare_trends.go:343.2,343.40 1 0
caught-looking/backend/handlers/players_compare_trends.go:343.40,343.80 1 0
caught-looking/backend/handlers/players_compare_trends.go:344.2,344.24 1 0
caught-looking/backend/handlers/players_compare_trends.go:344.24,346.3 1 0
caught-looking/backend/handlers/players_compare_trends.go:347.2,347.25 1 0
caught-looking/backend/handlers/record_timeline.go:46.50,48.2 1 0
caught-looking/backend/handlers/record_timeline.go:50.97,52.54 2 0
caught-looking/backend/handlers/record_timeline.go:52.54,54.3 1 0
caught-looking/backend/handlers/record_timeline.go:56.2,57.34 2 0
caught-looking/backend/handlers/record_timeline.go:57.34,59.3 1 0
caught-looking/backend/handlers/record_timeline.go:61.2,61.40 1 0
caught-looking/backend/handlers/record_timeline.go:61.40,63.15 2 0
caught-looking/backend/handlers/record_timeline.go:63.15,65.4 1 0
caught-looking/backend/handlers/record_timeline.go:66.3,67.15 2 0
caught-looking/backend/handlers/record_timeline.go:67.15,69.4 1 0
caught-looking/backend/handlers/record_timeline.go:70.3,70.15 1 0
caught-looking/backend/handlers/record_timeline.go:70.15,72.4 1 0
caught-looking/backend/handlers/record_timeline.go:73.3,73.47 1 0
caught-looking/backend/handlers/record_timeline.go:76.2,78.26 3 0
caught-looking/backend/handlers/record_timeline.go:78.26,79.44 1 0
caught-looking/backend/handlers/record_timeline.go:79.44,80.12 1 0
caught-looking/backend/handlers/record_timeline.go:82.3,84.43 3 0
caught-looking/backend/handlers/record_timeline.go:84.43,85.12 1 0
caught-looking/backend/handlers/record_timeline.go:88.3,89.15 2 0
caught-looking/backend/handlers/record_timeline.go:89.15,91.4 1 0
caught-looking/backend/handlers/record_timeline.go:93.3,94.14 2 0
caught-looking/backend/handlers/record_timeline.go:94.14,96.4 1 0
caught-looking/backend/handlers/record_timeline.go:96.9,96.30 1 0
caught-looking/backend/handlers/record_timeline.go:96.30,97.29 1 0
caught-looking/backend/handlers/record_timeline.go:97.29,100.5 2 0
caught-looking/backend/handlers/record_timeline.go:100.10,103.5 2 0
caught-looking/backend/handlers/record_timeline.go:104.9,104.35 1 0
caught-looking/backend/handlers/record_timeline.go:104.35,107.4 2 0
caught-looking/backend/handlers/record_timeline.go:107.9,110.4 2 0
caught-looking/backend/handlers/record_timeline.go:112.3,114.16 3 0
caught-looking/backend/handlers/record_timeline.go:114.16,116.4 1 0
caught-looking/backend/handlers/record_timeline.go:118.3,125.5 1 0
caught-looking/backend/handlers/record_timeline.go:128.2,133.8 1 0
caught-looking/backend/handlers/record_timeline.go:137.107,139.38 2 0
caught-looking/backend/handlers/record_timeline.go:139.38,141.3 1 0
caught-looking/backend/handlers/record_timeline.go:143.2,151.16 8 0
caught-looking/backend/handlers/record_timeline.go:151.16,153.3 1 0
caught-looking/backend/handlers/record_timeline.go:155.2,156.16 2 0
caught-looking/backend/handlers/record_timeline.go:156.16,158.3 1 0
caught-looking/backend/handlers/record_timeline.go:160.2,161.16 2 0
caught-looking/backend/handlers/record_timeline.go:161.16,163.3 1 0
caught-looking/backend/handlers/record_timeline.go:164.2,165.18 2 0
caught-looking/backend/handlers/record_timeline.go:169.75,172.31 3 0
caught-looking/backend/handlers/record_timeline.go:172.31,175.3 2 0
caught-looking/backend/handlers/record_timeline.go:177.2,178.66 2 0
caught-looking/backend/handlers/record_timeline.go:178.66,180.41 2 0
caught-looking/backend/handlers/record_timeline.go:180.41,183.4 2 0
caught-looking/backend/handlers/record_timeline.go:184.3,184.13 1 0
caught-looking/backend/handlers/record_timeline.go:187.2,188.16 2 0
caught-looking/backend/handlers/record_timeline.go:188.16,191.3 2 0
caught-looking/backend/handlers/record_timeline.go:193.2,194.22 2 0
caught-looking/backend/handlers/record_timelines_batch.go:20.81,22.15 2 0
caught-looking/backend/handlers/record_timelines_batch.go:22.15,25.3 2 0
caught-looking/backend/handlers/record_timelines_batch.go:27.2,30.26 4 0
caught-looking/backend/handlers/record_timelines_batch.go:30.26,32.14 2 0
caught-looking/backend/handlers/record_timelines_batch.go:32.14,33.12 1 0
caught-looking/backend/handlers/record_timelines_batch.go:35.3,36.28 2 0
caught-looking/backend/handlers/record_timelines_batch.go:36.28,39.4 2 0
caught-looking/backend/handlers/record_timelines_batch.go:40.3,40.28 1 0
caught-looking/backend/handlers/record_timelines_batch.go:40.28,41.12 1 0
caught-looking/backend/handlers/record_timelines_batch.go:43.3,45.35 3 0
caught-looking/backend/handlers/record_timelines_batch.go:45.35,48.4 2 0
caught-looking/backend/handlers/record_timelines_batch.go:50.2,50.23 1 0
caught-looking/backend/handlers/record_timelines_batch.go:50.23,53.3 2 0
caught-looking/backend/handlers/record_timelines_batch.go:55.2,58.66 3 0
caught-looking/backend/handlers/record_timelines_batch.go:58.66,60.41 2 0
caught-looking/backend/handlers/record_timelines_batch.go:60.41,63.4 2 0
caught-looking/backend/handlers/record_timelines_batch.go:64.3,64.13 1 0
caught-looking/backend/handlers/record_timelines_batch.go:67.2,68.29 2 0
caught-looking/backend/handlers/record_timelines_batch.go:68.29,70.3 1 0
caught-looking/backend/handlers/record_timelines_batch.go:71.2,72.43 2 0
caught-looking/backend/handlers/record_timelines_batch.go:72.43,76.3 3 0
caught-looking/backend/handlers/record_timelines_batch.go:78.2,85.30 6 0
caught-looking/backend/handlers/record_timelines_batch.go:85.30,87.21 2 0
caught-looking/backend/handlers/record_timelines_batch.go:87.21,88.11 1 0
caught-looking/backend/handlers/record_timelines_batch.go:89.27,90.18 1 0
caught-looking/backend/handlers/record_timelines_batch.go:90.18,90.27 1 0
caught-looking/backend/handlers/record_timelines_batch.go:91.22,92.21 1 0
caught-looking/backend/handlers/record_timelines_batch.go:94.4,95.18 2 0
caught-looking/backend/handlers/record_timelines_batch.go:95.18,97.5 1 0
caught-looking/backend/handlers/record_timelines_batch.go:98.4,101.14 4 0
caught-looking/backend/handlers/record_timelines_batch.go:105.2,105.33 1 0
caught-looking/backend/handlers/record_timelines_batch.go:105.33,108.3 2 0
caught-looking/backend/handlers/record_timelines_batch.go:110.2,111.28 2 0
caught-looking/backend/handlers/record_timelines_batch.go:111.28,113.48 2 0
caught-looking/backend/handlers/record_timelines_batch.go:113.48,116.4 2 0
caught-looking/backend/handlers/record_timelines_batch.go:117.3,117.36 1 0
caught-looking/backend/handlers/record_timelines_batch.go:120.2,125.16 3 0
caught-looking/backend/handlers/record_timelines_batch.go:125.16,128.3 2 0
caught-looking/backend/handlers/record_timelines_batch.go:130.2,132.22 3 0
caught-looking/backend/handlers/standings.go:57.83,58.27 1 0
caught-looking/backend/handlers/standings.go:58.27,59.20 1 0
caught-looking/backend/handlers/standings.go:59.20,61.4 1 0
caught-looking/backend/handlers/standings.go:63.2,63.13 1 0
caught-looking/backend/handlers/standings.go:67.70,69.66 2 0
caught-looking/backend/handlers/standings.go:69.66,71.41 2 0
caught-looking/backend/handlers/standings.go:71.41,74.4 2 0
caught-looking/backend/handlers/standings.go:75.3,75.13 1 0
caught-looking/backend/handlers/standings.go:78.2,79.21 2 0
caught-looking/backend/handlers/standings.go:79.21,81.3 1 0
caught-looking/backend/handlers/standings.go:82.2,82.53 1 0
caught-looking/backend/handlers/standings.go:82.53,84.17 2 0
caught-looking/backend/handlers/standings.go:84.17,85.12 1 0
caught-looking/backend/handlers/standings.go:87.3,87.47 1 0
caught-looking/backend/handlers/standings.go:87.47,90.4 2 0
caught-looking/backend/handlers/standings.go:93.2,94.25 2 0
caught-looking/backend/handlers/standings.go:94.25,96.3 1 0
caught-looking/backend/handlers/standings.go:98.2,99.43 2 0
caught-looking/backend/handlers/standings.go:99.43,103.3 3 0
caught-looking/backend/handlers/standings.go:105.2,112.16 7 0
caught-looking/backend/handlers/standings.go:112.16,115.3 2 0
caught-looking/backend/handlers/standings.go:117.2,118.54 2 0
caught-looking/backend/handlers/standings.go:118.54,121.3 2 0
caught-looking/backend/handlers/standings.go:123.2,124.16 2 0
caught-looking/backend/handlers/standings.go:124.16,127.3 2 0
caught-looking/backend/handlers/standings.go:129.2,130.38 2 0
caught-looking/backend/handlers/standings.go:130.38,132.18 2 0
caught-looking/backend/handlers/standings.go:132.18,134.4 1 0
caught-looking/backend/handlers/standings.go:135.3,136.38 2 0
caught-looking/backend/handlers/standings.go:136.38,138.25 2 0
caught-looking/backend/handlers/standings.go:138.25,140.5 1 0
caught-looking/backend/handlers/standings.go:141.4,165.6 5 0
caught-looking/backend/handlers/standings.go:167.3,172.5 1 0
caught-looking/backend/handlers/standings.go:175.2,179.16 2 0
caught-looking/backend/handlers/standings.go:179.16,182.3 2 0
caught-looking/backend/handlers/standings.go:184.2,186.22 3 0
caught-looking/backend/handlers/team_season_stats.go:26.76,29.31 3 0
caught-looking/backend/handlers/team_season_stats.go:29.31,32.3 2 0
caught-looking/backend/handlers/team_season_stats.go:34.2,35.66 2 0
caught-looking/backend/handlers/team_season_stats.go:35.66,37.41 2 0
caught-looking/backend/handlers/team_season_stats.go:37.41,40.4 2 0
caught-looking/backend/handlers/team_season_stats.go:41.3,41.13 1 0
caught-looking/backend/handlers/team_season_stats.go:44.2,45.43 2 0
caught-looking/backend/handlers/team_season_stats.go:45.43,49.3 3 0
caught-looking/backend/handlers/team_season_stats.go:51.2,56.20 5 0
caught-looking/backend/handlers/team_season_stats.go:56.20,60.3 3 0
caught-looking/backend/handlers/team_season_stats.go:61.2,61.20 1 0
caught-looking/backend/handlers/team_season_stats.go:61.20,65.3 3 0
caught-looking/backend/handlers/team_season_stats.go:66.2,66.33 1 0
caught-looking/backend/handlers/team_season_stats.go:66.33,69.3 2 0
caught-looking/backend/handlers/team_season_stats.go:71.2,79.16 3 0
caught-looking/backend/handlers/team_season_stats.go:79.16,82.3 2 0
caught-looking/backend/handlers/team_season_stats.go:84.2,86.22 3 0
caught-looking/backend/handlers/team_season_stats.go:89.120,97.16 7 0
caught-looking/backend/handlers/team_season_stats.go:97.16,99.3 1 0
caught-looking/backend/handlers/team_season_stats.go:101.2,102.54 2 0
caught-looking/backend/handlers/team_season_stats.go:102.54,104.3 1 0
caught-looking/backend/handlers/team_season_stats.go:106.2,107.66 2 0
caught-looking/backend/handlers/team_season_stats.go:107.66,109.3 1 0
caught-looking/backend/handlers/team_season_stats.go:111.2,112.82 2 0
caught-looking/backend/handlers/team_season_stats.go:112.82,114.3 1 0
caught-looking/backend/handlers/team_season_stats.go:116.2,118.26 3 0
caught-looking/backend/handlers/team_season_stats.go:118.26,120.3 1 0
caught-looking/backend/handlers/team_season_stats.go:121.2,125.18 5 0
caught-looking/backend/handlers/team_season_stats.go:128.122,136.16 7 0
caught-looking/backend/handlers/team_season_stats.go:136.16,138.3 1 0
caught-looking/backend/handlers/team_season_stats.go:140.2,141.54 2 0
caught-looking/backend/handlers/team_season_stats.go:141.54,143.3 1 0
caught-looking/backend/handlers/team_season_stats.go:145.2,146.66 2 0
caught-looking/backend/handlers/team_season_stats.go:146.66,148.3 1 0
caught-looking/backend/handlers/team_season_stats.go:150.2,151.82 2 0
caught-looking/backend/handlers/team_season_stats.go:151.82,153.3 1 0
caught-looking/backend/handlers/team_season_stats.go:155.2,157.26 3 0
caught-looking/backend/handlers/team_season_stats.go:157.26,159.3 1 0
caught-looking/backend/handlers/team_season_stats.go:160.2,164.18 5 0
caught-looking/backend/handlers/team_season_stats.go:167.37,168.23 1 0
caught-looking/backend/handlers/team_season_stats.go:169.15,170.16 1 0
caught-looking/backend/handlers/team_season_stats.go:171.11,172.11 1 0
caught-looking/backend/handlers/team_season_stats.go:173.14,175.14 2 0
caught-looking/backend/handlers/team_season_stats.go:175.14,177.4 1 0
caught-looking/backend/handlers/team_season_stats.go:178.3,179.17 2 0
caught-looking/backend/handlers/team_season_stats.go:179.17,181.4 1 0
caught-looking/backend/handlers/team_season_stats.go:182.3,182.11 1 0
caught-looking/backend/handlers/team_season_stats.go:183.10,184.11 1 0
caught-looking/backend/handlers/team_season_stats.go:188.39,189.23 1 0
caught-looking/backend/handlers/team_season_stats.go:190.15,191.11 1 0
caught-looking/backend/handlers/team_season_stats.go:192.11,193.20 1 0
caught-looking/backend/handlers/team_season_stats.go:194.14,196.44 2 0
caught-looking/backend/handlers/team_season_stats.go:196.44,198.4 1 0
caught-looking/backend/handlers/team_season_stats.go:199.3,200.17 2 0
caught-looking/backend/handlers/team_season_stats.go:200.17,202.4 1 0
caught-looking/backend/handlers/team_season_stats.go:203.3,203.11 1 0
caught-looking/backend/handlers/team_season_stats.go:204.10,205.11 1 0
caught-looking/backend/handlers/teams.go:30.66,32.19 2 0
caught-looking/backend/handlers/teams.go:32.19,34.3 1 0
caught-looking/backend/handlers/teams.go:35.2,35.49 1 0
caught-looking/backend/handlers/teams.go:35.49,38.3 2 0
caught-looking/backend/handlers/teams.go:40.2,41.43 2 0
caught-looking/backend/handlers/teams.go:41.43,45.3 3 0
caught-looking/backend/handlers/teams.go:47.2,49.16 3 0
caught-looking/backend/handlers/teams.go:49.16,52.3 2 0
caught-looking/backend/handlers/teams.go:54.2,55.54 2 0
caught-looking/backend/handlers/teams.go:55.54,58.3 2 0
caught-looking/backend/handlers/teams.go:60.2,61.34 2 0
caught-looking/backend/handlers/teams.go:61.34,73.3 1 0
caught-looking/backend/handlers/teams.go:75.2,76.16 2 0
caught-looking/backend/handlers/teams.go:76.16,79.3 2 0
caught-looking/backend/handlers/teams.go:81.2,83.22 3 0
caught-looking/backend/middleware/cors.go:10.68,18.2 1 0
caught-looking/backend/middleware/logger.go:10.45,11.71 1 0
caught-looking/backend/middleware/logger.go:11.71,16.3 4 0
caught-looking/backend/middleware/logger.go:24.52,27.2 2 0
caught-looking/backend/services/cache.go:18.30,20.2 1 0
caught-looking/backend/services/cache.go:23.51,25.9 2 0
caught-looking/backend/services/cache.go:25.9,27.3 1 0
caught-looking/backend/services/cache.go:28.2,29.35 2 0
caught-looking/backend/services/cache.go:29.35,32.3 2 0
caught-looking/backend/services/cache.go:33.2,33.21 1 0
caught-looking/backend/services/cache.go:37.68,39.2 1 0
caught-looking/backend/services/mlb_client.go:20.46,27.2 1 0
caught-looking/backend/services/mlb_client.go:30.75,31.34 1 0
caught-looking/backend/services/mlb_client.go:31.34,33.3 1 0
caught-looking/backend/services/mlb_client.go:34.2,36.16 3 0
caught-looking/backend/services/mlb_client.go:36.16,38.3 1 0
caught-looking/backend/services/mlb_client.go:39.2,43.16 4 0
caught-looking/backend/services/mlb_client.go:43.16,45.3 1 0
caught-looking/backend/services/mlb_client.go:46.2,49.16 3 0
caught-looking/backend/services/mlb_client.go:49.16,51.3 1 0
caught-looking/backend/services/mlb_client.go:52.2,52.51 1 0
caught-looking/backend/services/mlb_client.go:52.51,54.3 1 0
caught-looking/backend/services/mlb_client.go:55.2,55.18 1 0
caught-looking/backend/services/mlb_client.go:58.39,60.17 2 0
caught-looking/backend/services/mlb_client.go:60.17,62.3 1 0
caught-looking/backend/services/mlb_client.go:63.2,63.22 1 0
caught-looking/backend/main.go:17.13,29.12 6 0
caught-looking/backend/main.go:29.12,31.77 2 0
caught-looking/backend/main.go:31.77,33.4 1 0
caught-looking/backend/main.go:36.2,42.42 6 0
caught-looking/backend/main.go:42.42,44.3 1 0
caught-looking/backend/router.go:15.70,23.64 7 1
caught-looking/backend/router.go:23.64,27.3 3 1
caught-looking/backend/router.go:28.2,43.10 15 1
caught-looking/backend/config/config.go:22.20,33.56 2 0
caught-looking/backend/config/config.go:33.56,35.3 1 0
caught-looking/backend/config/config.go:35.8,35.68 1 0
caught-looking/backend/config/config.go:35.68,37.3 1 0
caught-looking/backend/config/config.go:39.2,39.64 1 0
caught-looking/backend/config/config.go:39.64,41.3 1 0
caught-looking/backend/config/config.go:43.2,43.67 1 0
caught-looking/backend/config/config.go:43.67,46.27 3 0
caught-looking/backend/config/config.go:46.27,47.42 1 0
caught-looking/backend/config/config.go:47.42,49.5 1 0
caught-looking/backend/config/config.go:51.3,51.19 1 0
caught-looking/backend/config/config.go:51.19,53.4 1 0
caught-looking/backend/config/config.go:56.2,56.71 1 0
caught-looking/backend/config/config.go:56.71,57.50 1 0
caught-looking/backend/config/config.go:57.50,59.4 1 0
caught-looking/backend/config/config.go:62.2,62.68 1 0
caught-looking/backend/config/config.go:62.68,63.50 1 0
caught-looking/backend/config/config.go:63.50,65.4 1 0
caught-looking/backend/config/config.go:68.2,68.62 1 0
caught-looking/backend/config/config.go:68.62,69.44 1 0
caught-looking/backend/config/config.go:69.44,71.4 1 0
caught-looking/backend/config/config.go:74.2,74.66 1 0
caught-looking/backend/config/config.go:74.66,76.3 1 0
caught-looking/backend/config/config.go:78.2,78.12 1 0
caught-looking/backend/handlers/divisions.go:25.83,26.56 1 0
caught-looking/backend/handlers/divisions.go:26.56,28.53 2 0
caught-looking/backend/handlers/divisions.go:28.53,30.4 1 0
caught-looking/backend/handlers/divisions.go:31.3,32.26 2 0
caught-looking/backend/handlers/divisions.go:32.26,34.4 1 0
caught-looking/backend/handlers/divisions.go:35.3,35.18 1 0
caught-looking/backend/handlers/divisions.go:38.2,39.16 2 0
caught-looking/backend/handlers/divisions.go:39.16,41.3 1 0
caught-looking/backend/handlers/divisions.go:43.2,44.54 2 0
caught-looking/backend/handlers/divisions.go:44.54,46.3 1 0
caught-looking/backend/handlers/divisions.go:48.2,49.38 2 0
caught-looking/backend/handlers/divisions.go:49.38,51.3 1 0
caught-looking/backend/handlers/divisions.go:53.2,54.16 2 0
caught-looking/backend/handlers/divisions.go:54.16,56.3 1 0
caught-looking/backend/handlers/divisions.go:57.2,60.25 3 0
caught-looking/backend/handlers/divisions.go:60.25,62.3 1 0
caught-looking/backend/handlers/divisions.go:63.2,63.17 1 0
caught-looking/backend/handlers/game_boxscore.go:51.73,54.31 3 0
caught-looking/backend/handlers/game_boxscore.go:54.31,57.3 2 0
caught-looking/backend/handlers/game_boxscore.go:59.2,60.43 2 0
caught-looking/backend/handlers/game_boxscore.go:60.43,64.3 3 0
caught-looking/backend/handlers/game_boxscore.go:66.2,67.16 2 0
caught-looking/backend/handlers/game_boxscore.go:67.16,70.3 2 0
caught-looking/backend/handlers/game_boxscore.go:72.2,73.51 2 0
caught-looking/backend/handlers/game_boxscore.go:73.51,76.3 2 0
caught-looking/backend/handlers/game_boxscore.go:78.2,85.16 3 0
caught-looking/backend/handlers/game_boxscore.go:85.16,88.3 2 0
caught-looking/backend/handlers/game_boxscore.go:90.2,92.22 3 0
caught-looking/backend/handlers/game_boxscore.go:95.61,105.35 2 0
caught-looking/backend/handlers/game_boxscore.go:105.35,108.10 3 0
caught-looking/backend/handlers/game_boxscore.go:108.10,109.12 1 0
caught-looking/backend/handlers/game_boxscore.go:111.3,112.16 2 0
caught-looking/backend/handlers/game_boxscore.go:112.16,113.12 1 0
caught-looking/backend/handlers/game_boxscore.go:115.3,115.37 1 0
caught-looking/backend/handlers/game_boxscore.go:118.2,118.36 1 0
caught-looking/backend/handlers/game_boxscore.go:118.36,121.10 3 0
caught-looking/backend/handlers/game_boxscore.go:121.10,122.12 1 0
caught-looking/backend/handlers/game_boxscore.go:124.3,125.16 2 0
caught-looking/backend/handlers/game_boxscore.go:125.16,126.12 1 0
caught-looking/backend/handlers/game_boxscore.go:128.3,128.39 1 0
caught-looking/backend/handlers/game_boxscore.go:131.2,131.10 1 0
caught-looking/backend/handlers/game_boxscore.go:134.85,144.2 1 0
caught-looking/backend/handlers/game_boxscore.go:146.55,148.17 2 0
caught-looking/backend/handlers/game_boxscore.go:148.17,150.3 1 0
caught-looking/backend/handlers/game_boxscore.go:151.2,153.24 3 0
caught-looking/backend/handlers/game_boxscore.go:153.24,155.3 1 0
caught-looking/backend/handlers/game_boxscore.go:156.2,157.15 2 0
caught-looking/backend/handlers/game_boxscore.go:157.15,159.3 1 0
caught-looking/backend/handlers/game_boxscore.go:160.2,173.3 1 0
caught-looking/backend/handlers/game_boxscore.go:176.57,178.44 2 0
caught-looking/backend/handlers/game_boxscore.go:178.44,180.3 1 0
caught-looking/backend/handlers/game_boxscore.go:181.2,192.3 2 0
caught-looking/backend/handlers/game_boxscore.go:195.55,197.42 2 0
caught-looking/backend/handlers/game_boxscore.go:197.42,199.3 1 0
caught-looking/backend/handlers/game_boxscore.go:200.2,200.38 1 0
caught-looking/backend/handlers/game_boxscore.go:200.38,202.3 1 0
caught-looking/backend/handlers/game_boxscore.go:203.2,203.30 1 0
caught-looking/backend/handlers/game_boxscore.go:203.30,205.3 1 0
caught-looking/backend/handlers/game_boxscore.go:206.2,206.14 1 0
caught-looking/backend/handlers/game_boxscore.go:209.56,210.14 1 0
caught-looking/backend/handlers/game_boxscore.go:210.14,212.3 1 0
caught-looking/backend/handlers/game_boxscore.go:213.2,214.21 2 0
caught-looking/backend/handlers/game_boxscore.go:214.21,216.3 1 0
caught-looking/backend/handlers/game_boxscore.go:217.2,217.23 1 0
caught-looking/backend/handlers/game_boxscore.go:218.15,219.16 1 0
caught-looking/backend/handlers/game_boxscore.go:220.11,221.11 1 0
caught-looking/backend/handlers/game_boxscore.go:222.14,224.29 2 0
caught-looking/backend/handlers/game_boxscore.go:224.29,226.4 1 0
caught-looking/backend/handlers/game_boxscore.go:227.3,228.17 2 0
caught-looking/backend/handlers/game_boxscore.go:228.17,230.4 1 0
caught-looking/backend/handlers/game_boxscore.go:231.3,232.17 2 0
caught-looking/backend/handlers/game_boxscore.go:232.17,234.4 1 0
caught-looking/backend/handlers/game_boxscore.go:235.3,235.11 1 0
caught-looking/backend/handlers/game_boxscore.go:236.10,237.11 1 0
caught-looking/backend/handlers/game_boxscore.go:241.62,242.14 1 0
caught-looking/backend/handlers/game_boxscore.go:242.14,244.3 1 0
caught-looking/backend/handlers/game_boxscore.go:245.2,246.21 2 0
caught-looking/backend/handlers/game_boxscore.go:246.21,248.3 1 0
caught-looking/backend/handlers/game_boxscore.go:249.2,249.23 1 0
caught-looking/backend/handlers/game_boxscore.go:250.14,251.11 1 0
caught-looking/backend/handlers/game_boxscore.go:252.15,253.45 1 0
caught-looking/backend/handlers/game_boxscore.go:254.11,255.25 1 0
caught-looking/backend/handlers/game_boxscore.go:256.10,257.12 1 0
caught-looking/backend/handlers/game_timeline.go:53.73,56.31 3 0
caught-looking/backend/handlers/game_timeline.go:56.31,59.3 2 0
caught-looking/backend/handlers/game_timeline.go:61.2,62.43 2 0
caught-looking/backend/handlers/game_timeline.go:62.43,66.3 3 0
caught-looking/backend/handlers/game_timeline.go:68.2,72.20 5 0
caught-looking/backend/handlers/game_timeline.go:72.20,76.3 3 0
caught-looking/backend/handlers/game_timeline.go:77.2,77.20 1 0
caught-looking/backend/handlers/game_timeline.go:77.20,81.3 3 0
caught-looking/backend/handlers/game_timeline.go:82.2,82.33 1 0
caught-looking/backend/handlers/game_timeline.go:82.33,85.3 2 0
caught-looking/backend/handlers/game_timeline.go:87.2,88.54 2 0
caught-looking/backend/handlers/game_timeline.go:88.54,91.3 2 0
caught-looking/backend/handlers/game_timeline.go:93.2,94.53 2 0
caught-looking/backend/handlers/game_timeline.go:94.53,97.3 2 0
caught-looking/backend/handlers/game_timeline.go:99.2,100.38 2 0
caught-looking/backend/handlers/game_timeline.go:100.38,106.3 1 0
caught-looking/backend/handlers/game_timeline.go:108.2,120.16 3 0
caught-looking/backend/handlers/game_timeline.go:120.16,123.3 2 0
caught-looking/backend/handlers/game_timeline.go:125.2,127.22 3 0
caught-looking/backend/handlers/games_for_date.go:18.73,20.16 2 0
caught-looking/backend/handlers/games_for_date.go:20.16,22.3 1 0
caught-looking/backend/handlers/games_for_date.go:23.2,23.32 1 0
caught-looking/backend/handlers/games_for_date.go:23.32,26.3 2 0
caught-looking/backend/handlers/games_for_date.go:28.2,29.66 2 0
caught-looking/backend/handlers/games_for_date.go:29.66,31.27 2 0
caught-looking/backend/handlers/games_for_date.go:31.27,34.4 2 0
caught-looking/backend/handlers/games_for_date.go:35.3,35.13 1 0
caught-looking/backend/handlers/games_for_date.go:38.2,39.43 2 0
caught-looking/backend/handlers/games_for_date.go:39.43,43.3 3 0
caught-looking/backend/handlers/games_for_date.go:45.2,48.16 4 0
caught-looking/backend/handlers/games_for_date.go:48.16,50.3 1 0
caught-looking/backend/handlers/games_for_date.go:51.2,54.16 3 0
caught-looking/backend/handlers/games_for_date.go:54.16,57.3 2 0
caught-looking/backend/handlers/games_for_date.go:59.2,81.54 2 0
caught-looking/backend/handlers/games_for_date.go:81.54,84.3 2 0
caught-looking/backend/handlers/games_for_date.go:86.2,87.34 2 0
caught-looking/backend/handlers/games_for_date.go:87.34,88.29 1 0
caught-looking/backend/handlers/games_for_date.go:88.29,90.16 2 0
caught-looking/backend/handlers/games_for_date.go:90.16,92.5 1 0
caught-looking/backend/handlers/games_for_date.go:93.4,103.6 1 0
caught-looking/backend/handlers/games_for_date.go:107.2,108.16 2 0
caught-looking/backend/handlers/games_for_date.go:108.16,111.3 2 0
caught-looking/backend/handlers/games_for_date.go:113.2,115.22 3 0
caught-looking/backend/handlers/handlers.go:15.90,17.2 1 1
caught-looking/backend/handlers/league_season_baseline.go:25.81,27.66 2 0
caught-looking/backend/handlers/league_season_baseline.go:27.66,29.41 2 0
caught-looking/backend/handlers/league_season_baseline.go:29.41,32.4 2 0
caught-looking/backend/handlers/league_season_baseline.go:33.3,33.13 1 0
caught-looking/backend/handlers/league_season_baseline.go:36.2,37.17 2 0
caught-looking/backend/handlers/league_season_baseline.go:37.17,39.3 1 0
caught-looking/backend/handlers/league_season_baseline.go:40.2,40.47 1 0
caught-looking/backend/handlers/league_season_baseline.go:40.47,43.3 2 0
caught-looking/backend/handlers/league_season_baseline.go:45.2,46.43 2 0
caught-looking/backend/handlers/league_season_baseline.go:46.43,50.3 3 0
caught-looking/backend/handlers/league_season_baseline.go:52.2,53.16 2 0
caught-looking/backend/handlers/league_season_baseline.go:53.16,56.3 2 0
caught-looking/backend/handlers/league_season_baseline.go:58.2,59.24 2 0
caught-looking/backend/handlers/league_season_baseline.go:59.24,61.3 1 0
caught-looking/backend/handlers/league_season_baseline.go:61.8,63.3 1 0
caught-looking/backend/handlers/league_season_baseline.go:65.2,66.16 2 0
caught-looking/backend/handlers/league_season_baseline.go:66.16,69.3 2 0
caught-looking/backend/handlers/league_season_baseline.go:71.2,73.22 3 0
caught-looking/backend/handlers/league_season_baseline.go:76.104,86.16 9 0
caught-looking/backend/handlers/league_season_baseline.go:86.16,88.3 1 0
caught-looking/backend/handlers/league_season_baseline.go:90.2,91.54 2 0
caught-looking/backend/handlers/league_season_baseline.go:91.54,93.3 1 0
caught-looking/backend/handlers/league_season_baseline.go:94.2,94.66 1 0
caught-looking/backend/handlers/league_season_baseline.go:94.66,96.3 1 0
caught-looking/backend/handlers/league_season_baseline.go:99.2,100.45 2 0
caught-looking/backend/handlers/league_season_baseline.go:100.45,102.29 2 0
caught-looking/backend/handlers/league_season_baseline.go:102.29,103.12 1 0
caught-looking/backend/handlers/league_season_baseline.go:105.3,106.15 2 0
caught-looking/backend/handlers/league_season_baseline.go:106.15,107.12 1 0
caught-looking/backend/handlers/league_season_baseline.go:109.3,110.59 2 0
caught-looking/backend/handlers/league_season_baseline.go:110.59,111.12 1 0
caught-looking/backend/handlers/league_season_baseline.go:113.3,114.32 2 0
caught-looking/backend/handlers/league_season_baseline.go:114.32,115.46 1 0
caught-looking/backend/handlers/league_season_baseline.go:115.46,116.13 1 0
caught-looking/backend/handlers/league_season_baseline.go:119.3,119.22 1 0
caught-looking/backend/handlers/league_season_baseline.go:122.2,122.24 1 0
caught-looking/backend/handlers/league_season_baseline.go:122.24,124.27 2 0
caught-looking/backend/handlers/league_season_baseline.go:124.27,131.4 6 0
caught-looking/backend/handlers/league_season_baseline.go:132.3,133.26 2 0
caught-looking/backend/handlers/league_season_baseline.go:133.26,135.4 1 0
caught-looking/backend/handlers/league_season_baseline.go:136.3,138.24 3 0
caught-looking/backend/handlers/league_season_baseline.go:141.2,143.26 3 0
caught-looking/backend/handlers/league_season_baseline.go:143.26,146.3 2 0
caught-looking/backend/handlers/league_season_baseline.go:147.2,147.15 1 0
caught-looking/backend/handlers/league_season_baseline.go:147.15,149.3 1 0
caught-looking/backend/handlers/league_season_baseline.go:150.2,150.36 1 0
caught-looking/backend/handlers/player_current_team.go:24.78,27.27 3 0
caught-looking/backend/handlers/player_current_team.go:27.27,30.3 2 0
caught-looking/backend/handlers/player_current_team.go:32.2,33.43 2 0
caught-looking/backend/handlers/player_current_team.go:33.43,37.3 3 0
caught-looking/backend/handlers/player_current_team.go:39.2,41.16 3 0
caught-looking/backend/handlers/player_current_team.go:41.16,44.3 2 0
caught-looking/backend/handlers/player_current_team.go:46.2,47.54 2 0
caught-looking/backend/handlers/player_current_team.go:47.54,50.3 2 0
caught-looking/backend/handlers/player_current_team.go:52.2,53.69 2 0
caught-looking/backend/handlers/player_current_team.go:53.69,55.3 1 0
caught-looking/backend/handlers/player_current_team.go:57.2,63.16 3 0
caught-looking/backend/handlers/player_current_team.go:63.16,66.3 2 0
caught-looking/backend/handlers/player_current_team.go:68.2,70.22 3 0
caught-looking/backend/handlers/player_search.go:26.73,28.13 2 0
caught-looking/backend/handlers/player_search.go:28.13,30.3 1 0
caught-looking/backend/handlers/player_search.go:31.2,31.16 1 0
caught-looking/backend/handlers/player_search.go:31.16,34.3 2 0
caught-looking/backend/handlers/player_search.go:35.2,35.17 1 0
caught-looking/backend/handlers/player_search.go:35.17,38.3 2 0
caught-looking/backend/handlers/player_search.go:40.2,42.43 3 0
caught-looking/backend/handlers/player_search.go:42.43,46.3 3 0
caught-looking/backend/handlers/player_search.go:48.2,53.16 5 0
caught-looking/backend/handlers/player_search.go:53.16,56.3 2 0
caught-looking/backend/handlers/player_search.go:58.2,59.54 2 0
caught-looking/backend/handlers/player_search.go:59.54,62.3 2 0
caught-looking/backend/handlers/player_search.go:64.2,66.27 3 0
caught-looking/backend/handlers/player_search.go:66.27,68.3 1 0
caught-looking/backend/handlers/player_search.go:70.2,75.27 2 0
caught-looking/backend/handlers/player_search.go:75.27,83.3 1 0
caught-looking/backend/handlers/player_search.go:85.2,86.16 2 0
caught-looking/backend/handlers/player_search.go:86.16,89.3 2 0
caught-looking/backend/handlers/player_search.go:91.2,94.22 4 0
caught-looking/backend/handlers/players_compare.go:30.75,33.21 3 0
caught-looking/backend/handlers/players_compare.go:33.21,36.3 2 0
caught-looking/backend/handlers/players_compare.go:37.2,39.56 3 0
caught-looking/backend/handlers/players_compare.go:39.56,42.3 2 0
caught-looking/backend/handlers/players_compare.go:44.2,45.17 2 0
caught-looking/backend/handlers/players_compare.go:45.17,47.3 1 0
caught-looking/backend/handlers/players_compare.go:48.2,48.47 1 0
caught-looking/backend/handlers/players_compare.go:48.47,51.3 2 0
caught-looking/backend/handlers/players_compare.go:53.2,54.17 2 0
caught-looking/backend/handlers/players_compare.go:54.17,56.3 1 0
caught-looking/backend/handlers/players_compare.go:57.2,57.44 1 0
caught-looking/backend/handlers/players_compare.go:57.44,60.3 2 0
caught-looking/backend/handlers/players_compare.go:62.2,63.23 2 0
caught-looking/backend/handlers/players_compare.go:63.23,64.67 1 0
caught-looking/backend/handlers/players_compare.go:64.67,66.42 2 0
caught-looking/backend/handlers/players_compare.go:66.42,69.5 2 0
caught-looking/backend/handlers/players_compare.go:70.4,70.14 1 0
caught-looking/backend/handlers/players_compare.go:74.2,75.23 2 0
caught-looking/backend/handlers/players_compare.go:75.23,77.3 1 0
caught-looking/backend/handlers/players_compare.go:78.2,78.43 1 0
caught-looking/backend/handlers/players_compare.go:78.43,82.3 3 0
caught-looking/backend/handlers/players_compare.go:84.2,87.20 4 0
caught-looking/backend/handlers/players_compare.go:87.20,91.3 3 0
caught-looking/backend/handlers/players_compare.go:92.2,92.20 1 0
caught-looking/backend/handlers/players_compare.go:92.20,96.3 3 0
caught-looking/backend/handlers/players_compare.go:97.2,97.33 1 0
caught-looking/backend/handlers/players_compare.go:97.33,100.3 2 0
caught-looking/backend/handlers/players_compare.go:102.2,103.23 2 0
caught-looking/backend/handlers/players_compare.go:103.23,105.3 1 0
caught-looking/backend/handlers/players_compare.go:106.2,114.16 3 0
caught-looking/backend/handlers/players_compare.go:114.16,117.3 2 0
caught-looking/backend/handlers/players_compare.go:119.2,121.22 3 0
caught-looking/backend/handlers/players_compare.go:124.136,126.23 2 0
caught-looking/backend/handlers/players_compare.go:126.23,128.3 1 0
caught-looking/backend/handlers/players_compare.go:128.8,131.3 2 0
caught-looking/backend/handlers/players_compare.go:132.2,136.16 4 0
caught-looking/backend/handlers/players_compare.go:136.16,138.3 1 0
caught-looking/backend/handlers/players_compare.go:140.2,141.54 2 0
caught-looking/backend/handlers/players_compare.go:141.54,143.3 1 0
caught-looking/backend/handlers/players_compare.go:145.2,150.66 5 0
caught-looking/backend/handlers/players_compare.go:150.66,152.3 1 0
caught-looking/backend/handlers/players_compare.go:154.2,156.26 3 0
caught-looking/backend/handlers/players_compare.go:156.26,158.3 1 0
caught-looking/backend/handlers/players_compare.go:160.2,161.61 2 0
caught-looking/backend/handlers/players_compare.go:161.61,163.3 1 0
caught-looking/backend/handlers/players_compare.go:165.2,166.18 2 0
caught-looking/backend/handlers/players_compare.go:169.98,170.24 1 0
caught-looking/backend/handlers/players_compare.go:170.24,188.3 17 0
caught-looking/backend/handlers/players_compare.go:189.2,202.38 14 0
caught-looking/backend/handlers/players_compare.go:205.66,206.23 1 0
caught-looking/backend/handlers/players_compare.go:207.15,208.15 1 0
caught-looking/backend/handlers/players_compare.go:209.11,210.24 1 0
caught-looking/backend/handlers/players_compare.go:211.14,213.44 2 0
caught-looking/backend/handlers/players_compare.go:213.44,215.4 1 0
caught-looking/backend/handlers/players_compare.go:216.3,217.17 2 0
caught-looking/backend/handlers/players_compare.go:217.17,219.4 1 0
caught-looking/backend/handlers/players_compare.go:224.107,225.30 1 0
caught-looking/backend/handlers/players_compare.go:225.30,226.31 1 0
caught-looking/backend/handlers/players_compare.go:226.31,229.4 2 0
caught-looking/backend/handlers/players_compare.go:234.68,236.13 2 0
caught-looking/backend/handlers/players_compare.go:236.13,238.3 1 0
caught-looking/backend/handlers/players_compare.go:239.2,240.11 2 0
caught-looking/backend/handlers/players_compare.go:240.11,242.3 1 0
caught-looking/backend/handlers/players_compare.go:245.38,246.23 1 0
caught-looking/backend/handlers/players_compare.go:247.14,248.11 1 0
caught-looking/backend/handlers/players_compare.go:249.15,250.45 1 0
caught-looking/backend/handlers/players_compare.go:251.11,252.25 1 0
caught-looking/backend/handlers/players_compare.go:253.10,254.12 1 0
caught-looking/backend/handlers/players_compare.go:258.45,261.16 3 0
caught-looking/backend/handlers/players_compare.go:261.16,263.18 2 0
caught-looking/backend/handlers/players_compare.go:263.18,265.4 1 0
caught-looking/backend/handlers/players_compare.go:266.3,266.11 1 0
caught-looking/backend/handlers/players_compare.go:268.2,268.38 1 0
caught-looking/backend/handlers/players_compare.go:268.38,270.3 1 0
caught-looking/backend/handlers/players_compare.go:271.2,272.20 2 0
caught-looking/backend/handlers/players_compare.go:272.20,274.3 1 0
caught-looking/backend/handlers/players_compare.go:275.2,275.17 1 0
caught-looking/backend/handlers/players_compare.go:276.11,277.25 1 0
caught-looking/backend/handlers/players_compare.go:278.11,279.25 1 0
caught-looking/backend/handlers/players_compare.go:280.10,282.17 2 0
caught-looking/backend/handlers/players_compare.go:282.17,284.4 1 0
caught-looking/backend/handlers/players_compare.go:285.3,285.11 1 0
caught-looking/backend/handlers/players_compare_trends.go:47.85,50.21 3 0
caught-looking/backend/handlers/players_compare_trends.go:50.21,53.3 2 0
caught-looking/backend/handlers/players_compare_trends.go:54.2,56.56 3 0
caught-looking/backend/handlers/players_compare_trends.go:56.56,59.3 2 0
caught-looking/backend/handlers/players_compare_trends.go:61.2,62.17 2 0
caught-looking/backend/handlers/players_compare_trends.go:62.17,64.3 1 0
caught-looking/backend/handlers/players_compare_trends.go:65.2,65.47 1 0
caught-looking/backend/handlers/players_compare_trends.go:65.47,68.3 2 0
caught-looking/backend/handlers/players_compare_trends.go:70.2,71.25 2 0
caught-looking/backend/handlers/players_compare_trends.go:71.25,73.3 1 0
caught-looking/backend/handlers/players_compare_trends.go:75.2,76.43 2 0
caught-looking/backend/handlers/players_compare_trends.go:76.43,80.3 3 0
caught-looking/backend/handlers/players_compare_trends.go:82.2,86.20 5 0
caught-looking/backend/handlers/players_compare_trends.go:86.20,90.3 3 0
caught-looking/backend/handlers/players_compare_trends.go:91.2,91.20 1 0
caught-looking/backend/handlers/players_compare_trends.go:91.20,95.3 3 0
caught-looking/backend/handlers/players_compare_trends.go:96.2,96.33 1 0
caught-looking/backend/handlers/players_compare_trends.go:96.33,99.3 2 0
caught-looking/backend/handlers/players_compare_trends.go:101.2,102.23 2 0
caught-looking/backend/handlers/players_compare_trends.go:102.23,104.3 1 0
caught-looking/backend/handlers/players_compare_trends.go:105.2,105.23 1 0
caught-looking/backend/handlers/players_compare_trends.go:105.23,107.3 1 0
caught-looking/backend/handlers/players_compare_trends.go:109.2,110.29 2 0
caught-looking/backend/handlers/players_compare_trends.go:110.29,112.17 2 0
caught-looking/backend/handlers/players_compare_trends.go:112.17,115.4 2 0
caught-looking/backend/handlers/players_compare_trends.go:116.3,116.39 1 0
caught-looking/backend/handlers/players_compare_trends.go:119.2,130.16 3 0
caught-looking/backend/handlers/players_compare_trends.go:130.16,133.3 2 0
caught-looking/backend/handlers/players_compare_trends.go:135.2,137.22 3 0
caught-looking/backend/handlers/players_compare_trends.go:140.125,147.16 6 0
caught-looking/backend/handlers/players_compare_trends.go:147.16,149.3 1 0
caught-looking/backend/handlers/players_compare_trends.go:151.2,152.54 2 0
caught-looking/backend/handlers/players_compare_trends.go:152.54,154.3 1 0
caught-looking/backend/handlers/players_compare_trends.go:156.2,157.64 2 0
caught-looking/backend/handlers/players_compare_trends.go:157.64,159.3 1 0
caught-looking/backend/handlers/players_compare_trends.go:161.2,162.29 2 0
caught-looking/backend/handlers/players_compare_trends.go:162.29,164.3 1 0
caught-looking/backend/handlers/players_compare_trends.go:166.2,166.45 1 0
caught-looking/backend/handlers/players_compare_trends.go:166.45,168.59 2 0
caught-looking/backend/handlers/players_compare_trends.go:168.59,169.12 1 0
caught-looking/backend/handlers/players_compare_trends.go:171.3,172.32 2 0
caught-looking/backend/handlers/players_compare_trends.go:172.32,173.12 1 0
caught-looking/backend/handlers/players_compare_trends.go:175.3,176.25 2 0
caught-looking/backend/handlers/players_compare_trends.go:176.25,178.4 1 0
caught-looking/backend/handlers/players_compare_trends.go:178.9,180.4 1 0
caught-looking/backend/handlers/players_compare_trends.go:181.3,181.13 1 0
caught-looking/backend/handlers/players_compare_trends.go:181.13,182.12 1 0
caught-looking/backend/handlers/players_compare_trends.go:184.3,184.64 1 0
caught-looking/backend/handlers/players_compare_trends.go:187.2,187.38 1 0
caught-looking/backend/handlers/players_compare_trends.go:187.38,187.78 1 0
caught-looking/backend/handlers/players_compare_trends.go:188.2,188.23 1 0
caught-looking/backend/handlers/players_compare_trends.go:192.82,195.21 3 0
caught-looking/backend/handlers/players_compare_trends.go:195.21,198.3 2 0
caught-looking/backend/handlers/players_compare_trends.go:199.2,201.56 3 0
caught-looking/backend/handlers/players_compare_trends.go:201.56,204.3 2 0
caught-looking/backend/handlers/players_compare_trends.go:206.2,207.17 2 0
caught-looking/backend/handlers/players_compare_trends.go:207.17,209.3 1 0
caught-looking/backend/handlers/players_compare_trends.go:210.2,210.47 1 0
caught-looking/backend/handlers/players_compare_trends.go:210.47,213.3 2 0
caught-looking/backend/handlers/players_compare_trends.go:215.2,216.66 2 0
caught-looking/backend/handlers/players_compare_trends.go:216.66,218.41 2 0
caught-looking/backend/handlers/players_compare_trends.go:218.41,221.4 2 0
caught-looking/backend/handlers/players_compare_trends.go:222.3,222.13 1 0
caught-looking/backend/handlers/players_compare_trends.go:225.2,226.65 2 0
caught-looking/backend/handlers/players_compare_trends.go:226.65,228.36 2 0
caught-looking/backend/handlers/players_compare_trends.go:228.36,231.4 2 0
caught-looking/backend/handlers/players_compare_trends.go:232.3,232.12 1 0
caught-looking/backend/handlers/players_compare_trends.go:235.2,236.25 2 0
caught-looking/backend/handlers/players_compare_trends.go:236.25,238.3 1 0
caught-looking/backend/handlers/players_compare_trends.go:240.2,241.43 2 0
caught-looking/backend/handlers/players_compare_trends.go:241.43,245.3 3 0
caught-looking/backend/handlers/players_compare_trends.go:247.2,251.20 5 0
caught-looking/backend/handlers/players_compare_trends.go:251.20,255.3 3 0
caught-looking/backend/handlers/players_compare_trends.go:256.2,256.20 1 0
caught-looking/backend/handlers/players_compare_trends.go:256.20,260.3 3 0
caught-looking/backend/handlers/players_compare_trends.go:261.2,261.33 1 0
caught-looking/backend/handlers/players_compare_trends.go:261.33,264.3 2 0
caught-looking/backend/handlers/players_compare_trends.go:266.2,267.16 2 0
caught-looking/backend/handlers/players_compare_trends.go:267.16,270.3 2 0
caught-looking/backend/handlers/players_compare_trends.go:272.2,285.16 3 0
caught-looking/backend/handlers/players_compare_trends.go:285.16,288.3 2 0
caught-looking/backend/handlers/players_compare_trends.go:290.2,292.22 3 0
caught-looking/backend/handlers/players_compare_trends.go:295.139,303.16 7 0
caught-looking/backend/handlers/players_compare_trends.go:303.16,305.3 1 0
caught-looking/backend/handlers/players_compare_trends.go:307.2,308.54 2 0
caught-looking/backend/handlers/players_compare_trends.go:308.54,310.3 1 0
caught-looking/backend/handlers/players_compare_trends.go:312.2,313.64 2 0
caught-looking/backend/handlers/players_compare_trends.go:313.64,315.3 1 0
caught-looking/backend/handlers/players_compare_trends.go:317.2,318.29 2 0
caught-looking/backend/handlers/players_compare_trends.go:318.29,320.3 1 0
caught-looking/backend/handlers/players_compare_trends.go:322.2,322.45 1 0
caught-looking/backend/handlers/players_compare_trends.go:322.45,324.59 2 0
caught-looking/backend/handlers/players_compare_trends.go:324.59,325.12 1 0
caught-looking/backend/handlers/players_compare_trends.go:327.3,328.25 2 0
caught-looking/backend/handlers/players_compare_trends.go:328.25,330.4 1 0
caught-looking/backend/handlers/players_compare_trends.go:330.9,332.4 1 0
caught-looking/backend/handlers/players_compare_trends.go:333.3,333.13 1 0
caught-looking/backend/handlers/players_compare_trends.go:333.13,334.12 1 0
caught-looking/backend/handlers/players_compare_trends.go:336.3,340.5 1 0
caught-looking/backend/handlers/players_compare_trends.go:343.2,343.40 1 0
caught-looking/backend/handlers/players_compare_trends.go:343.40,343.80 1 0
caught-looking/backend/handlers/players_compare_trends.go:344.2,344.24 1 0
caught-looking/backend/handlers/players_compare_trends.go:344.24,346.3 1 0
caught-looking/backend/handlers/players_compare_trends.go:347.2,347.25 1 0
caught-looking/backend/handlers/record_timeline.go:46.50,48.2 1 0
caught-looking/backend/handlers/record_timeline.go:50.97,52.54 2 0
caught-looking/backend/handlers/record_timeline.go:52.54,54.3 1 0
caught-looking/backend/handlers/record_timeline.go:56.2,57.34 2 0
caught-looking/backend/handlers/record_timeline.go:57.34,59.3 1 0
caught-looking/backend/handlers/record_timeline.go:61.2,61.40 1 0
caught-looking/backend/handlers/record_timeline.go:61.40,63.15 2 0
caught-looking/backend/handlers/record_timeline.go:63.15,65.4 1 0
caught-looking/backend/handlers/record_timeline.go:66.3,67.15 2 0
caught-looking/backend/handlers/record_timeline.go:67.15,69.4 1 0
caught-looking/backend/handlers/record_timeline.go:70.3,70.15 1 0
caught-looking/backend/handlers/record_timeline.go:70.15,72.4 1 0
caught-looking/backend/handlers/record_timeline.go:73.3,73.47 1 0
caught-looking/backend/handlers/record_timeline.go:76.2,78.26 3 0
caught-looking/backend/handlers/record_timeline.go:78.26,79.44 1 0
caught-looking/backend/handlers/record_timeline.go:79.44,80.12 1 0
caught-looking/backend/handlers/record_timeline.go:82.3,84.43 3 0
caught-looking/backend/handlers/record_timeline.go:84.43,85.12 1 0
caught-looking/backend/handlers/record_timeline.go:88.3,89.15 2 0
caught-looking/backend/handlers/record_timeline.go:89.15,91.4 1 0
caught-looking/backend/handlers/record_timeline.go:93.3,94.14 2 0
caught-looking/backend/handlers/record_timeline.go:94.14,96.4 1 0
caught-looking/backend/handlers/record_timeline.go:96.9,96.30 1 0
caught-looking/backend/handlers/record_timeline.go:96.30,97.29 1 0
caught-looking/backend/handlers/record_timeline.go:97.29,100.5 2 0
caught-looking/backend/handlers/record_timeline.go:100.10,103.5 2 0
caught-looking/backend/handlers/record_timeline.go:104.9,104.35 1 0
caught-looking/backend/handlers/record_timeline.go:104.35,107.4 2 0
caught-looking/backend/handlers/record_timeline.go:107.9,110.4 2 0
caught-looking/backend/handlers/record_timeline.go:112.3,114.16 3 0
caught-looking/backend/handlers/record_timeline.go:114.16,116.4 1 0
caught-looking/backend/handlers/record_timeline.go:118.3,125.5 1 0
caught-looking/backend/handlers/record_timeline.go:128.2,133.8 1 0
caught-looking/backend/handlers/record_timeline.go:137.107,139.38 2 0
caught-looking/backend/handlers/record_timeline.go:139.38,141.3 1 0
caught-looking/backend/handlers/record_timeline.go:143.2,151.16 8 0
caught-looking/backend/handlers/record_timeline.go:151.16,153.3 1 0
caught-looking/backend/handlers/record_timeline.go:155.2,156.16 2 0
caught-looking/backend/handlers/record_timeline.go:156.16,158.3 1 0
caught-looking/backend/handlers/record_timeline.go:160.2,161.16 2 0
caught-looking/backend/handlers/record_timeline.go:161.16,163.3 1 0
caught-looking/backend/handlers/record_timeline.go:164.2,165.18 2 0
caught-looking/backend/handlers/record_timeline.go:169.75,172.31 3 0
caught-looking/backend/handlers/record_timeline.go:172.31,175.3 2 0
caught-looking/backend/handlers/record_timeline.go:177.2,178.66 2 0
caught-looking/backend/handlers/record_timeline.go:178.66,180.41 2 0
caught-looking/backend/handlers/record_timeline.go:180.41,183.4 2 0
caught-looking/backend/handlers/record_timeline.go:184.3,184.13 1 0
caught-looking/backend/handlers/record_timeline.go:187.2,188.16 2 0
caught-looking/backend/handlers/record_timeline.go:188.16,191.3 2 0
caught-looking/backend/handlers/record_timeline.go:193.2,194.22 2 0
caught-looking/backend/handlers/record_timelines_batch.go:20.81,22.15 2 0
caught-looking/backend/handlers/record_timelines_batch.go:22.15,25.3 2 0
caught-looking/backend/handlers/record_timelines_batch.go:27.2,30.26 4 0
caught-looking/backend/handlers/record_timelines_batch.go:30.26,32.14 2 0
caught-looking/backend/handlers/record_timelines_batch.go:32.14,33.12 1 0
caught-looking/backend/handlers/record_timelines_batch.go:35.3,36.28 2 0
caught-looking/backend/handlers/record_timelines_batch.go:36.28,39.4 2 0
caught-looking/backend/handlers/record_timelines_batch.go:40.3,40.28 1 0
caught-looking/backend/handlers/record_timelines_batch.go:40.28,41.12 1 0
caught-looking/backend/handlers/record_timelines_batch.go:43.3,45.35 3 0
caught-looking/backend/handlers/record_timelines_batch.go:45.35,48.4 2 0
caught-looking/backend/handlers/record_timelines_batch.go:50.2,50.23 1 0
caught-looking/backend/handlers/record_timelines_batch.go:50.23,53.3 2 0
caught-looking/backend/handlers/record_timelines_batch.go:55.2,58.66 3 0
caught-looking/backend/handlers/record_timelines_batch.go:58.66,60.41 2 0
caught-looking/backend/handlers/record_timelines_batch.go:60.41,63.4 2 0
caught-looking/backend/handlers/record_timelines_batch.go:64.3,64.13 1 0
caught-looking/backend/handlers/record_timelines_batch.go:67.2,68.29 2 0
caught-looking/backend/handlers/record_timelines_batch.go:68.29,70.3 1 0
caught-looking/backend/handlers/record_timelines_batch.go:71.2,72.43 2 0
caught-looking/backend/handlers/record_timelines_batch.go:72.43,76.3 3 0
caught-looking/backend/handlers/record_timelines_batch.go:78.2,85.30 6 0
caught-looking/backend/handlers/record_timelines_batch.go:85.30,87.21 2 0
caught-looking/backend/handlers/record_timelines_batch.go:87.21,88.11 1 0
caught-looking/backend/handlers/record_timelines_batch.go:89.27,90.18 1 0
caught-looking/backend/handlers/record_timelines_batch.go:90.18,90.27 1 0
caught-looking/backend/handlers/record_timelines_batch.go:91.22,92.21 1 0
caught-looking/backend/handlers/record_timelines_batch.go:94.4,95.18 2 0
caught-looking/backend/handlers/record_timelines_batch.go:95.18,97.5 1 0
caught-looking/backend/handlers/record_timelines_batch.go:98.4,101.14 4 0
caught-looking/backend/handlers/record_timelines_batch.go:105.2,105.33 1 0
caught-looking/backend/handlers/record_timelines_batch.go:105.33,108.3 2 0
caught-looking/backend/handlers/record_timelines_batch.go:110.2,111.28 2 0
caught-looking/backend/handlers/record_timelines_batch.go:111.28,113.48 2 0
caught-looking/backend/handlers/record_timelines_batch.go:113.48,116.4 2 0
caught-looking/backend/handlers/record_timelines_batch.go:117.3,117.36 1 0
caught-looking/backend/handlers/record_timelines_batch.go:120.2,125.16 3 0
caught-looking/backend/handlers/record_timelines_batch.go:125.16,128.3 2 0
caught-looking/backend/handlers/record_timelines_batch.go:130.2,132.22 3 0
caught-looking/backend/handlers/standings.go:57.83,58.27 1 0
caught-looking/backend/handlers/standings.go:58.27,59.20 1 0
caught-looking/backend/handlers/standings.go:59.20,61.4 1 0
caught-looking/backend/handlers/standings.go:63.2,63.13 1 0
caught-looking/backend/handlers/standings.go:67.70,69.66 2 0
caught-looking/backend/handlers/standings.go:69.66,71.41 2 0
caught-looking/backend/handlers/standings.go:71.41,74.4 2 0
caught-looking/backend/handlers/standings.go:75.3,75.13 1 0
caught-looking/backend/handlers/standings.go:78.2,79.21 2 0
caught-looking/backend/handlers/standings.go:79.21,81.3 1 0
caught-looking/backend/handlers/standings.go:82.2,82.53 1 0
caught-looking/backend/handlers/standings.go:82.53,84.17 2 0
caught-looking/backend/handlers/standings.go:84.17,85.12 1 0
caught-looking/backend/handlers/standings.go:87.3,87.47 1 0
caught-looking/backend/handlers/standings.go:87.47,90.4 2 0
caught-looking/backend/handlers/standings.go:93.2,94.25 2 0
caught-looking/backend/handlers/standings.go:94.25,96.3 1 0
caught-looking/backend/handlers/standings.go:98.2,99.43 2 0
caught-looking/backend/handlers/standings.go:99.43,103.3 3 0
caught-looking/backend/handlers/standings.go:105.2,112.16 7 0
[...]
caught-looking/backend/handlers/players_compare_trends.go:162.29,164.3 1 0
caught-looking/backend/handlers/players_compare_trends.go:166.2,166.45 1 0
caught-looking/backend/handlers/players_compare_trends.go:166.45,168.59 2 0
caught-looking/backend/handlers/players_compare_trends.go:168.59,169.12 1 0
caught-looking/backend/handlers/players_compare_trends.go:171.3,172.32 2 0
caught-looking/backend/handlers/players_compare_trends.go:172.32,173.12 1 0
caught-looking/backend/handlers/players_compare_trends.go:175.3,176.25 2 0
caught-looking/backend/handlers/players_compare_trends.go:176.25,178.4 1 0
caught-looking/backend/handlers/players_compare_trends.go:178.9,180.4 1 0
caught-looking/backend/handlers/players_compare_trends.go:181.3,181.13 1 0
caught-looking/backend/handlers/players_compare_trends.go:181.13,182.12 1 0
caught-looking/backend/handlers/players_compare_trends.go:184.3,184.64 1 0
caught-looking/backend/handlers/players_compare_trends.go:187.2,187.38 1 0
caught-looking/backend/handlers/players_compare_trends.go:187.38,187.78 1 0
caught-looking/backend/handlers/players_compare_trends.go:188.2,188.23 1 0
caught-looking/backend/handlers/players_compare_trends.go:192.82,195.21 3 0
caught-looking/backend/handlers/players_compare_trends.go:195.21,198.3 2 0
caught-looking/backend/handlers/players_compare_trends.go:199.2,201.56 3 0
caught-looking/backend/handlers/players_compare_trends.go:201.56,204.3 2 0
caught-looking/backend/handlers/players_compare_trends.go:206.2,207.17 2 0
caught-looking/backend/handlers/players_compare_trends.go:207.17,209.3 1 0
caught-looking/backend/handlers/players_compare_trends.go:210.2,210.47 1 0
caught-looking/backend/handlers/players_compare_trends.go:210.47,213.3 2 0
caught-looking/backend/handlers/players_compare_trends.go:215.2,216.66 2 0
caught-looking/backend/handlers/players_compare_trends.go:216.66,218.41 2 0
caught-looking/backend/handlers/players_compare_trends.go:218.41,221.4 2 0
caught-looking/backend/handlers/players_compare_trends.go:222.3,222.13 1 0
caught-looking/backend/handlers/players_compare_trends.go:225.2,226.65 2 0
caught-looking/backend/handlers/players_compare_trends.go:226.65,228.36 2 0
caught-looking/backend/handlers/players_compare_trends.go:228.36,231.4 2 0
caught-looking/backend/handlers/players_compare_trends.go:232.3,232.12 1 0
caught-looking/backend/handlers/players_compare_trends.go:235.2,236.25 2 0
caught-looking/backend/handlers/players_compare_trends.go:236.25,238.3 1 0
caught-looking/backend/handlers/players_compare_trends.go:240.2,241.43 2 0
caught-looking/backend/handlers/players_compare_trends.go:241.43,245.3 3 0
caught-looking/backend/handlers/players_compare_trends.go:247.2,251.20 5 0
caught-looking/backend/handlers/players_compare_trends.go:251.20,255.3 3 0
caught-looking/backend/handlers/players_compare_trends.go:256.2,256.20 1 0
caught-looking/backend/handlers/players_compare_trends.go:256.20,260.3 3 0
caught-looking/backend/handlers/players_compare_trends.go:261.2,261.33 1 0
caught-looking/backend/handlers/players_compare_trends.go:261.33,264.3 2 0
caught-looking/backend/handlers/players_compare_trends.go:266.2,267.16 2 0
caught-looking/backend/handlers/players_compare_trends.go:267.16,270.3 2 0
caught-looking/backend/handlers/players_compare_trends.go:272.2,285.16 3 0
caught-looking/backend/handlers/players_compare_trends.go:285.16,288.3 2 0
caught-looking/backend/handlers/players_compare_trends.go:290.2,292.22 3 0
caught-looking/backend/handlers/players_compare_trends.go:295.139,303.16 7 0
caught-looking/backend/handlers/players_compare_trends.go:303.16,305.3 1 0
caught-looking/backend/handlers/players_compare_trends.go:307.2,308.54 2 0
caught-looking/backend/handlers/players_compare_trends.go:308.54,310.3 1 0
caught-looking/backend/handlers/players_compare_trends.go:312.2,313.64 2 0
caught-looking/backend/handlers/players_compare_trends.go:313.64,315.3 1 0
caught-looking/backend/handlers/players_compare_trends.go:317.2,318.29 2 0
caught-looking/backend/handlers/players_compare_trends.go:318.29,320.3 1 0
caught-looking/backend/handlers/players_compare_trends.go:322.2,322.45 1 0
caught-looking/backend/handlers/players_compare_trends.go:322.45,324.59 2 0
caught-looking/backend/handlers/players_compare_trends.go:324.59,325.12 1 0
caught-looking/backend/handlers/players_compare_trends.go:327.3,328.25 2 0
caught-looking/backend/handlers/players_compare_trends.go:328.25,330.4 1 0
caught-looking/backend/handlers/players_compare_trends.go:330.9,332.4 1 0
caught-looking/backend/handlers/players_compare_trends.go:333.3,333.13 1 0
caught-looking/backend/handlers/players_compare_trends.go:333.13,334.12 1 0
caught-looking/backend/handlers/players_compare_trends.go:336.3,340.5 1 0
caught-looking/backend/handlers/players_compare_trends.go:343.2,343.40 1 0
caught-looking/backend/handlers/players_compare_trends.go:343.40,343.80 1 0
caught-looking/backend/handlers/players_compare_trends.go:344.2,344.24 1 0
caught-looking/backend/handlers/players_compare_trends.go:344.24,346.3 1 0
caught-looking/backend/handlers/players_compare_trends.go:347.2,347.25 1 0
caught-looking/backend/handlers/record_timeline.go:46.50,48.2 1 0
caught-looking/backend/handlers/record_timeline.go:50.97,52.54 2 0
caught-looking/backend/handlers/record_timeline.go:52.54,54.3 1 0
caught-looking/backend/handlers/record_timeline.go:56.2,57.34 2 0
caught-looking/backend/handlers/record_timeline.go:57.34,59.3 1 0
caught-looking/backend/handlers/record_timeline.go:61.2,61.40 1 0
caught-looking/backend/handlers/record_timeline.go:61.40,63.15 2 0
caught-looking/backend/handlers/record_timeline.go:63.15,65.4 1 0
caught-looking/backend/handlers/record_timeline.go:66.3,67.15 2 0
caught-looking/backend/handlers/record_timeline.go:67.15,69.4 1 0
caught-looking/backend/handlers/record_timeline.go:70.3,70.15 1 0
caught-looking/backend/handlers/record_timeline.go:70.15,72.4 1 0
caught-looking/backend/handlers/record_timeline.go:73.3,73.47 1 0
caught-looking/backend/handlers/record_timeline.go:76.2,78.26 3 0
caught-looking/backend/handlers/record_timeline.go:78.26,79.44 1 0
caught-looking/backend/handlers/record_timeline.go:79.44,80.12 1 0
caught-looking/backend/handlers/record_timeline.go:82.3,84.43 3 0
caught-looking/backend/handlers/record_timeline.go:84.43,85.12 1 0
caught-looking/backend/handlers/record_timeline.go:88.3,89.15 2 0
caught-looking/backend/handlers/record_timeline.go:89.15,91.4 1 0
caught-looking/backend/handlers/record_timeline.go:93.3,94.14 2 0
caught-looking/backend/handlers/record_timeline.go:94.14,96.4 1 0
caught-looking/backend/handlers/record_timeline.go:96.9,96.30 1 0
caught-looking/backend/handlers/record_timeline.go:96.30,97.29 1 0
caught-looking/backend/handlers/record_timeline.go:97.29,100.5 2 0
caught-looking/backend/handlers/record_timeline.go:100.10,103.5 2 0
caught-looking/backend/handlers/record_timeline.go:104.9,104.35 1 0
caught-looking/backend/handlers/record_timeline.go:104.35,107.4 2 0
caught-looking/backend/handlers/record_timeline.go:107.9,110.4 2 0
caught-looking/backend/handlers/record_timeline.go:112.3,114.16 3 0
caught-looking/backend/handlers/record_timeline.go:114.16,116.4 1 0
caught-looking/backend/handlers/record_timeline.go:118.3,125.5 1 0
caught-looking/backend/handlers/record_timeline.go:128.2,133.8 1 0
caught-looking/backend/handlers/record_timeline.go:137.107,139.38 2 0
caught-looking/backend/handlers/record_timeline.go:139.38,141.3 1 0
caught-looking/backend/handlers/record_timeline.go:143.2,151.16 8 0
caught-looking/backend/handlers/record_timeline.go:151.16,153.3 1 0
caught-looking/backend/handlers/record_timeline.go:155.2,156.16 2 0
caught-looking/backend/handlers/record_timeline.go:156.16,158.3 1 0
caught-looking/backend/handlers/record_timeline.go:160.2,161.16 2 0
caught-looking/backend/handlers/record_timeline.go:161.16,163.3 1 0
caught-looking/backend/handlers/record_timeline.go:164.2,165.18 2 0
caught-looking/backend/handlers/record_timeline.go:169.75,172.31 3 0
caught-looking/backend/handlers/record_timeline.go:172.31,175.3 2 0
caught-looking/backend/handlers/record_timeline.go:177.2,178.66 2 0
caught-looking/backend/handlers/record_timeline.go:178.66,180.41 2 0
caught-looking/backend/handlers/record_timeline.go:180.41,183.4 2 0
caught-looking/backend/handlers/record_timeline.go:184.3,184.13 1 0
caught-looking/backend/handlers/record_timeline.go:187.2,188.16 2 0
caught-looking/backend/handlers/record_timeline.go:188.16,191.3 2 0
caught-looking/backend/handlers/record_timeline.go:193.2,194.22 2 0
caught-looking/backend/handlers/record_timelines_batch.go:20.81,22.15 2 0
caught-looking/backend/handlers/record_timelines_batch.go:22.15,25.3 2 0
caught-looking/backend/handlers/record_timelines_batch.go:27.2,30.26 4 0
caught-looking/backend/handlers/record_timelines_batch.go:30.26,32.14 2 0
caught-looking/backend/handlers/record_timelines_batch.go:32.14,33.12 1 0
caught-looking/backend/handlers/record_timelines_batch.go:35.3,36.28 2 0
caught-looking/backend/handlers/record_timelines_batch.go:36.28,39.4 2 0
caught-looking/backend/handlers/record_timelines_batch.go:40.3,40.28 1 0
caught-looking/backend/handlers/record_timelines_batch.go:40.28,41.12 1 0
caught-looking/backend/handlers/record_timelines_batch.go:43.3,45.35 3 0
caught-looking/backend/handlers/record_timelines_batch.go:45.35,48.4 2 0
caught-looking/backend/handlers/record_timelines_batch.go:50.2,50.23 1 0
caught-looking/backend/handlers/record_timelines_batch.go:50.23,53.3 2 0
caught-looking/backend/handlers/record_timelines_batch.go:55.2,58.66 3 0
caught-looking/backend/handlers/record_timelines_batch.go:58.66,60.41 2 0
caught-looking/backend/handlers/record_timelines_batch.go:60.41,63.4 2 0
caught-looking/backend/handlers/record_timelines_batch.go:64.3,64.13 1 0
caught-looking/backend/handlers/record_timelines_batch.go:67.2,68.29 2 0
caught-looking/backend/handlers/record_timelines_batch.go:68.29,70.3 1 0
caught-looking/backend/handlers/record_timelines_batch.go:71.2,72.43 2 0
caught-looking/backend/handlers/record_timelines_batch.go:72.43,76.3 3 0
caught-looking/backend/handlers/record_timelines_batch.go:78.2,85.30 6 0
caught-looking/backend/handlers/record_timelines_batch.go:85.30,87.21 2 0
caught-looking/backend/handlers/record_timelines_batch.go:87.21,88.11 1 0
caught-looking/backend/handlers/record_timelines_batch.go:89.27,90.18 1 0
caught-looking/backend/handlers/record_timelines_batch.go:90.18,90.27 1 0
caught-looking/backend/handlers/record_timelines_batch.go:91.22,92.21 1 0
caught-looking/backend/handlers/record_timelines_batch.go:94.4,95.18 2 0
caught-looking/backend/handlers/record_timelines_batch.go:95.18,97.5 1 0
caught-looking/backend/handlers/record_timelines_batch.go:98.4,101.14 4 0
caught-looking/backend/handlers/record_timelines_batch.go:105.2,105.33 1 0
caught-looking/backend/handlers/record_timelines_batch.go:105.33,108.3 2 0
caught-looking/backend/handlers/record_timelines_batch.go:110.2,111.28 2 0
caught-looking/backend/handlers/record_timelines_batch.go:111.28,113.48 2 0
caught-looking/backend/handlers/record_timelines_batch.go:113.48,116.4 2 0
caught-looking/backend/handlers/record_timelines_batch.go:117.3,117.36 1 0
caught-looking/backend/handlers/record_timelines_batch.go:120.2,125.16 3 0
caught-looking/backend/handlers/record_timelines_batch.go:125.16,128.3 2 0
caught-looking/backend/handlers/record_timelines_batch.go:130.2,132.22 3 0
caught-looking/backend/handlers/standings.go:57.83,58.27 1 0
caught-looking/backend/handlers/standings.go:58.27,59.20 1 0
caught-looking/backend/handlers/standings.go:59.20,61.4 1 0
caught-looking/backend/handlers/standings.go:63.2,63.13 1 0
caught-looking/backend/handlers/standings.go:67.70,69.66 2 0
caught-looking/backend/handlers/standings.go:69.66,71.41 2 0
caught-looking/backend/handlers/standings.go:71.41,74.4 2 0
caught-looking/backend/handlers/standings.go:75.3,75.13 1 0
caught-looking/backend/handlers/standings.go:78.2,79.21 2 0
caught-looking/backend/handlers/standings.go:79.21,81.3 1 0
caught-looking/backend/handlers/standings.go:82.2,82.53 1 0
caught-looking/backend/handlers/standings.go:82.53,84.17 2 0
caught-looking/backend/handlers/standings.go:84.17,85.12 1 0
caught-looking/backend/handlers/standings.go:87.3,87.47 1 0
caught-looking/backend/handlers/standings.go:87.47,90.4 2 0
caught-looking/backend/handlers/standings.go:93.2,94.25 2 0
caught-looking/backend/handlers/standings.go:94.25,96.3 1 0
caught-looking/backend/handlers/standings.go:98.2,99.43 2 0
caught-looking/backend/handlers/standings.go:99.43,103.3 3 0
caught-looking/backend/handlers/standings.go:105.2,112.16 7 0
caught-looking/backend/handlers/standings.go:112.16,115.3 2 0
caught-looking/backend/handlers/standings.go:117.2,118.54 2 0
caught-looking/backend/handlers/standings.go:118.54,121.3 2 0
caught-looking/backend/handlers/standings.go:123.2,124.16 2 0
caught-looking/backend/handlers/standings.go:124.16,127.3 2 0
caught-looking/backend/handlers/standings.go:129.2,130.38 2 0
caught-looking/backend/handlers/standings.go:130.38,132.18 2 0
caught-looking/backend/handlers/standings.go:132.18,134.4 1 0
caught-looking/backend/handlers/standings.go:135.3,136.38 2 0
caught-looking/backend/handlers/standings.go:136.38,138.25 2 0
caught-looking/backend/handlers/standings.go:138.25,140.5 1 0
caught-looking/backend/handlers/standings.go:141.4,165.6 5 0
caught-looking/backend/handlers/standings.go:167.3,172.5 1 0
caught-looking/backend/handlers/standings.go:175.2,179.16 2 0
caught-looking/backend/handlers/standings.go:179.16,182.3 2 0
caught-looking/backend/handlers/standings.go:184.2,186.22 3 0
caught-looking/backend/handlers/team_season_stats.go:26.76,29.31 3 0
caught-looking/backend/handlers/team_season_stats.go:29.31,32.3 2 0
caught-looking/backend/handlers/team_season_stats.go:34.2,35.66 2 0
caught-looking/backend/handlers/team_season_stats.go:35.66,37.41 2 0
caught-looking/backend/handlers/team_season_stats.go:37.41,40.4 2 0
caught-looking/backend/handlers/team_season_stats.go:41.3,41.13 1 0
caught-looking/backend/handlers/team_season_stats.go:44.2,45.43 2 0
caught-looking/backend/handlers/team_season_stats.go:45.43,49.3 3 0
caught-looking/backend/handlers/team_season_stats.go:51.2,56.20 5 0
caught-looking/backend/handlers/team_season_stats.go:56.20,60.3 3 0
caught-looking/backend/handlers/team_season_stats.go:61.2,61.20 1 0
caught-looking/backend/handlers/team_season_stats.go:61.20,65.3 3 0
caught-looking/backend/handlers/team_season_stats.go:66.2,66.33 1 0
caught-looking/backend/handlers/team_season_stats.go:66.33,69.3 2 0
caught-looking/backend/handlers/team_season_stats.go:71.2,79.16 3 0
caught-looking/backend/handlers/team_season_stats.go:79.16,82.3 2 0
caught-looking/backend/handlers/team_season_stats.go:84.2,86.22 3 0
caught-looking/backend/handlers/team_season_stats.go:89.120,97.16 7 0
caught-looking/backend/handlers/team_season_stats.go:97.16,99.3 1 0
caught-looking/backend/handlers/team_season_stats.go:101.2,102.54 2 0
caught-looking/backend/handlers/team_season_stats.go:102.54,104.3 1 0
caught-looking/backend/handlers/team_season_stats.go:106.2,107.66 2 0
caught-looking/backend/handlers/team_season_stats.go:107.66,109.3 1 0
caught-looking/backend/handlers/team_season_stats.go:111.2,112.82 2 0
caught-looking/backend/handlers/team_season_stats.go:112.82,114.3 1 0
caught-looking/backend/handlers/team_season_stats.go:116.2,118.26 3 0
caught-looking/backend/handlers/team_season_stats.go:118.26,120.3 1 0
caught-looking/backend/handlers/team_season_stats.go:121.2,125.18 5 0
caught-looking/backend/handlers/team_season_stats.go:128.122,136.16 7 0
caught-looking/backend/handlers/team_season_stats.go:136.16,138.3 1 0
caught-looking/backend/handlers/team_season_stats.go:140.2,141.54 2 0
caught-looking/backend/handlers/team_season_stats.go:141.54,143.3 1 0
caught-looking/backend/handlers/team_season_stats.go:145.2,146.66 2 0
caught-looking/backend/handlers/team_season_stats.go:146.66,148.3 1 0
caught-looking/backend/handlers/team_season_stats.go:150.2,151.82 2 0
caught-looking/backend/handlers/team_season_stats.go:151.82,153.3 1 0
caught-looking/backend/handlers/team_season_stats.go:155.2,157.26 3 0
caught-looking/backend/handlers/team_season_stats.go:157.26,159.3 1 0
caught-looking/backend/handlers/team_season_stats.go:160.2,164.18 5 0
caught-looking/backend/handlers/team_season_stats.go:167.37,168.23 1 0
caught-looking/backend/handlers/team_season_stats.go:169.15,170.16 1 0
caught-looking/backend/handlers/team_season_stats.go:171.11,172.11 1 0
caught-looking/backend/handlers/team_season_stats.go:173.14,175.14 2 0
caught-looking/backend/handlers/team_season_stats.go:175.14,177.4 1 0
caught-looking/backend/handlers/team_season_stats.go:178.3,179.17 2 0
caught-looking/backend/handlers/team_season_stats.go:179.17,181.4 1 0
caught-looking/backend/handlers/team_season_stats.go:182.3,182.11 1 0
caught-looking/backend/handlers/team_season_stats.go:183.10,184.11 1 0
caught-looking/backend/handlers/team_season_stats.go:188.39,189.23 1 0
caught-looking/backend/handlers/team_season_stats.go:190.15,191.11 1 0
caught-looking/backend/handlers/team_season_stats.go:192.11,193.20 1 0
caught-looking/backend/handlers/team_season_stats.go:194.14,196.44 2 0
caught-looking/backend/handlers/team_season_stats.go:196.44,198.4 1 0
caught-looking/backend/handlers/team_season_stats.go:199.3,200.17 2 0
caught-looking/backend/handlers/team_season_stats.go:200.17,202.4 1 0
caught-looking/backend/handlers/team_season_stats.go:203.3,203.11 1 0
caught-looking/backend/handlers/team_season_stats.go:204.10,205.11 1 0
caught-looking/backend/handlers/teams.go:30.66,32.19 2 0
caught-looking/backend/handlers/teams.go:32.19,34.3 1 0
caught-looking/backend/handlers/teams.go:35.2,35.49 1 0
caught-looking/backend/handlers/teams.go:35.49,38.3 2 0
caught-looking/backend/handlers/teams.go:40.2,41.43 2 0
caught-looking/backend/handlers/teams.go:41.43,45.3 3 0
caught-looking/backend/handlers/teams.go:47.2,49.16 3 0
caught-looking/backend/handlers/teams.go:49.16,52.3 2 0
caught-looking/backend/handlers/teams.go:54.2,55.54 2 0
caught-looking/backend/handlers/teams.go:55.54,58.3 2 0
caught-looking/backend/handlers/teams.go:60.2,61.34 2 0
caught-looking/backend/handlers/teams.go:61.34,73.3 1 0
caught-looking/backend/handlers/teams.go:75.2,76.16 2 0
caught-looking/backend/handlers/teams.go:76.16,79.3 2 0
caught-looking/backend/handlers/teams.go:81.2,83.22 3 0
caught-looking/backend/middleware/cors.go:10.68,18.2 1 0
caught-looking/backend/middleware/logger.go:10.45,11.71 1 0
caught-looking/backend/middleware/logger.go:11.71,16.3 4 0
caught-looking/backend/middleware/logger.go:24.52,27.2 2 0
caught-looking/backend/services/cache.go:18.30,20.2 1 4
caught-looking/backend/services/cache.go:23.51,25.9 2 6
caught-looking/backend/services/cache.go:25.9,27.3 1 2
caught-looking/backend/services/cache.go:28.2,29.35 2 4
caught-looking/backend/services/cache.go:29.35,32.3 2 1
caught-looking/backend/services/cache.go:33.2,33.21 1 3
caught-looking/backend/services/cache.go:37.68,39.2 1 4
caught-looking/backend/services/mlb_client.go:20.46,27.2 1 6
caught-looking/backend/services/mlb_client.go:30.75,31.34 1 7
caught-looking/backend/services/mlb_client.go:31.34,33.3 1 2
caught-looking/backend/services/mlb_client.go:34.2,36.16 3 5
caught-looking/backend/services/mlb_client.go:36.16,38.3 1 0
caught-looking/backend/services/mlb_client.go:39.2,43.16 4 5
caught-looking/backend/services/mlb_client.go:43.16,45.3 1 1
caught-looking/backend/services/mlb_client.go:46.2,49.16 3 4
caught-looking/backend/services/mlb_client.go:49.16,51.3 1 0
caught-looking/backend/services/mlb_client.go:52.2,52.51 1 4
caught-looking/backend/services/mlb_client.go:52.51,54.3 1 2
caught-looking/backend/services/mlb_client.go:55.2,55.18 1 2
caught-looking/backend/services/mlb_client.go:58.39,60.17 2 2
caught-looking/backend/services/mlb_client.go:60.17,62.3 1 1
caught-looking/backend/services/mlb_client.go:63.2,63.22 1 1
